Building DAG of jobs...
Using shell: /usr/bin/bash
Provided cluster nodes: 5
Job counts:
	count	jobs
	16	MACS2
	16	MACS2_peak_qc
	1	all
	16	bamCompare_log2
	16	bamCompare_subtract
	20	convert_flagstat_output
	8	histoneHMM
	8	histoneHMM_out_gz
	1	plotFingerprint
	1	qc_report_all
	1	report_flagstat_all_data
	104

[Mon Sep  2 13:13:39 2019]
rule bamCompare_subtract:
    input: filtered_bam/hippoN_Ctr_H3K4me1_rep1.filtered.bam, filtered_bam/hippoN_Ctr_H3K4me1_rep1.filtered.bam.bai, filtered_bam/hippoN_Ctr_Input_rep1.filtered.bam, filtered_bam/hippoN_Ctr_Input_rep1.filtered.bam.bai
    output: deepTools_ChIP/bamCompare/hippoN_Ctr_H3K4me1_rep1.filtered.subtract.hippoN_Ctr_Input_rep1.bw
    log: deepTools_ChIP/logs/bamCompare.subtract.hippoN_Ctr_H3K4me1_rep1.filtered.subtract.hippoN_Ctr_Input_rep1.out, deepTools_ChIP/logs/bamCompare.subtract.hippoN_Ctr_H3K4me1_rep1.filtered.subtract.hippoN_Ctr_Input_rep1.err
    jobid: 10
    benchmark: deepTools_ChIP/.benchmark/bamCompare.subtract.hippoN_Ctr_H3K4me1_rep1.filtered.subtract.hippoN_Ctr_Input_rep1.benchmark
    wildcards: chip_sample=hippoN_Ctr_H3K4me1_rep1, control_name=hippoN_Ctr_Input_rep1
    threads: 16

Submitted job 10 with external jobid '147134'.

[Mon Sep  2 13:13:39 2019]
rule bamCompare_log2:
    input: filtered_bam/hippoN_Ctr_H3K4me1_rep1.filtered.bam, filtered_bam/hippoN_Ctr_H3K4me1_rep1.filtered.bam.bai, filtered_bam/hippoN_Ctr_Input_rep1.filtered.bam, filtered_bam/hippoN_Ctr_Input_rep1.filtered.bam.bai
    output: deepTools_ChIP/bamCompare/hippoN_Ctr_H3K4me1_rep1.filtered.log2ratio.over_hippoN_Ctr_Input_rep1.bw
    log: deepTools_ChIP/logs/bamCompare.log2ratio.hippoN_Ctr_H3K4me1_rep1.hippoN_Ctr_Input_rep1.filtered.out, deepTools_ChIP/logs/bamCompare.log2ratio.hippoN_Ctr_H3K4me1_rep1.hippoN_Ctr_Input_rep1.filtered.err
    jobid: 11
    benchmark: deepTools_ChIP/.benchmark/bamCompare.log2ratio.hippoN_Ctr_H3K4me1_rep1.hippoN_Ctr_Input_rep1.filtered.benchmark
    wildcards: chip_sample=hippoN_Ctr_H3K4me1_rep1, control_name=hippoN_Ctr_Input_rep1
    threads: 16

Submitted job 11 with external jobid '147135'.

[Mon Sep  2 13:13:40 2019]
rule bamCompare_subtract:
    input: filtered_bam/hippoN_Ctr_H3K4me3_rep1.filtered.bam, filtered_bam/hippoN_Ctr_H3K4me3_rep1.filtered.bam.bai, filtered_bam/hippoN_Ctr_Input_rep1.filtered.bam, filtered_bam/hippoN_Ctr_Input_rep1.filtered.bam.bai
    output: deepTools_ChIP/bamCompare/hippoN_Ctr_H3K4me3_rep1.filtered.subtract.hippoN_Ctr_Input_rep1.bw
    log: deepTools_ChIP/logs/bamCompare.subtract.hippoN_Ctr_H3K4me3_rep1.filtered.subtract.hippoN_Ctr_Input_rep1.out, deepTools_ChIP/logs/bamCompare.subtract.hippoN_Ctr_H3K4me3_rep1.filtered.subtract.hippoN_Ctr_Input_rep1.err
    jobid: 14
    benchmark: deepTools_ChIP/.benchmark/bamCompare.subtract.hippoN_Ctr_H3K4me3_rep1.filtered.subtract.hippoN_Ctr_Input_rep1.benchmark
    wildcards: chip_sample=hippoN_Ctr_H3K4me3_rep1, control_name=hippoN_Ctr_Input_rep1
    threads: 16

Submitted job 14 with external jobid '147136'.

[Mon Sep  2 13:13:40 2019]
rule MACS2:
    input: filtered_bam/hippoN_Ctr_H3K4me1_rep1.filtered.bam, filtered_bam/hippoN_Ctr_Input_rep1.filtered.bam, deepTools_qc/bamPEFragmentSize/fragmentSize.metric.tsv
    output: MACS2/hippoN_Ctr_H3K4me1_rep1.filtered.BAM_peaks.xls, MACS2/hippoN_Ctr_H3K4me1_rep1.filtered.BAMPE_peaks.xls
    log: MACS2/logs/MACS2.hippoN_Ctr_H3K4me1_rep1.filtered.out, MACS2/logs/MACS2.hippoN_Ctr_H3K4me1_rep1.filtered.err
    jobid: 38
    benchmark: MACS2/.benchmark/MACS2.hippoN_Ctr_H3K4me1_rep1.filtered.benchmark
    wildcards: chip_sample=hippoN_Ctr_H3K4me1_rep1

Submitted job 38 with external jobid '147137'.

[Mon Sep  2 13:13:40 2019]
rule plotFingerprint:
    input: filtered_bam/hippoN_Ctr_H3K27ac_rep1.filtered.bam, filtered_bam/hippoN_Ctr_H3K27ac_rep2.filtered.bam, filtered_bam/hippoN_Ctr_H3K27me3_rep1.filtered.bam, filtered_bam/hippoN_Ctr_H3K27me3_rep2.filtered.bam, filtered_bam/hippoN_Ctr_H3K4me1_rep1.filtered.bam, filtered_bam/hippoN_Ctr_H3K4me1_rep2.filtered.bam, filtered_bam/hippoN_Ctr_H3K4me3_rep1.filtered.bam, filtered_bam/hippoN_Ctr_H3K4me3_rep2.filtered.bam, filtered_bam/hippoN_Ctr_Input_rep1.filtered.bam, filtered_bam/hippoN_Ctr_Input_rep2.filtered.bam, filtered_bam/hippoN_Foxg1KD_H3K27ac_rep1.filtered.bam, filtered_bam/hippoN_Foxg1KD_H3K27ac_rep2.filtered.bam, filtered_bam/hippoN_Foxg1KD_H3K27me3_rep1.filtered.bam, filtered_bam/hippoN_Foxg1KD_H3K27me3_rep2.filtered.bam, filtered_bam/hippoN_Foxg1KD_H3K4me1_rep1.filtered.bam, filtered_bam/hippoN_Foxg1KD_H3K4me1_rep2.filtered.bam, filtered_bam/hippoN_Foxg1KD_H3K4me3_rep1.filtered.bam, filtered_bam/hippoN_Foxg1KD_H3K4me3_rep2.filtered.bam, filtered_bam/hippoN_Foxg1KD_Input_rep1.filtered.bam, filtered_bam/hippoN_Foxg1KD_Input_rep2.filtered.bam, filtered_bam/hippoN_Ctr_H3K27ac_rep1.filtered.bam.bai, filtered_bam/hippoN_Ctr_H3K27ac_rep2.filtered.bam.bai, filtered_bam/hippoN_Ctr_H3K27me3_rep1.filtered.bam.bai, filtered_bam/hippoN_Ctr_H3K27me3_rep2.filtered.bam.bai, filtered_bam/hippoN_Ctr_H3K4me1_rep1.filtered.bam.bai, filtered_bam/hippoN_Ctr_H3K4me1_rep2.filtered.bam.bai, filtered_bam/hippoN_Ctr_H3K4me3_rep1.filtered.bam.bai, filtered_bam/hippoN_Ctr_H3K4me3_rep2.filtered.bam.bai, filtered_bam/hippoN_Ctr_Input_rep1.filtered.bam.bai, filtered_bam/hippoN_Ctr_Input_rep2.filtered.bam.bai, filtered_bam/hippoN_Foxg1KD_H3K27ac_rep1.filtered.bam.bai, filtered_bam/hippoN_Foxg1KD_H3K27ac_rep2.filtered.bam.bai, filtered_bam/hippoN_Foxg1KD_H3K27me3_rep1.filtered.bam.bai, filtered_bam/hippoN_Foxg1KD_H3K27me3_rep2.filtered.bam.bai, filtered_bam/hippoN_Foxg1KD_H3K4me1_rep1.filtered.bam.bai, filtered_bam/hippoN_Foxg1KD_H3K4me1_rep2.filtered.bam.bai, filtered_bam/hippoN_Foxg1KD_H3K4me3_rep1.filtered.bam.bai, filtered_bam/hippoN_Foxg1KD_H3K4me3_rep2.filtered.bam.bai, filtered_bam/hippoN_Foxg1KD_Input_rep1.filtered.bam.bai, filtered_bam/hippoN_Foxg1KD_Input_rep2.filtered.bam.bai
    output: deepTools_ChIP/plotFingerprint/plotFingerprint.metrics.txt
    log: deepTools_ChIP/logs/plotFingerprint.out, deepTools_ChIP/logs/plotFingerprint.err
    jobid: 1
    benchmark: deepTools_ChIP/.benchmark/plotFingerprint.benchmark
    threads: 24

Submitted job 1 with external jobid '147138'.
[Mon Sep  2 13:18:10 2019]
Finished job 14.
1 of 104 steps (0.96%) done

[Mon Sep  2 13:18:10 2019]
rule bamCompare_log2:
    input: filtered_bam/hippoN_Ctr_H3K4me3_rep1.filtered.bam, filtered_bam/hippoN_Ctr_H3K4me3_rep1.filtered.bam.bai, filtered_bam/hippoN_Ctr_Input_rep1.filtered.bam, filtered_bam/hippoN_Ctr_Input_rep1.filtered.bam.bai
    output: deepTools_ChIP/bamCompare/hippoN_Ctr_H3K4me3_rep1.filtered.log2ratio.over_hippoN_Ctr_Input_rep1.bw
    log: deepTools_ChIP/logs/bamCompare.log2ratio.hippoN_Ctr_H3K4me3_rep1.hippoN_Ctr_Input_rep1.filtered.out, deepTools_ChIP/logs/bamCompare.log2ratio.hippoN_Ctr_H3K4me3_rep1.hippoN_Ctr_Input_rep1.filtered.err
    jobid: 15
    benchmark: deepTools_ChIP/.benchmark/bamCompare.log2ratio.hippoN_Ctr_H3K4me3_rep1.hippoN_Ctr_Input_rep1.filtered.benchmark
    wildcards: chip_sample=hippoN_Ctr_H3K4me3_rep1, control_name=hippoN_Ctr_Input_rep1
    threads: 16

Submitted job 15 with external jobid '147147'.
[Mon Sep  2 13:18:40 2019]
Finished job 10.
2 of 104 steps (2%) done

[Mon Sep  2 13:18:40 2019]
rule MACS2:
    input: filtered_bam/hippoN_Ctr_H3K4me3_rep1.filtered.bam, filtered_bam/hippoN_Ctr_Input_rep1.filtered.bam, deepTools_qc/bamPEFragmentSize/fragmentSize.metric.tsv
    output: MACS2/hippoN_Ctr_H3K4me3_rep1.filtered.BAM_peaks.xls, MACS2/hippoN_Ctr_H3K4me3_rep1.filtered.BAMPE_peaks.xls
    log: MACS2/logs/MACS2.hippoN_Ctr_H3K4me3_rep1.filtered.out, MACS2/logs/MACS2.hippoN_Ctr_H3K4me3_rep1.filtered.err
    jobid: 40
    benchmark: MACS2/.benchmark/MACS2.hippoN_Ctr_H3K4me3_rep1.filtered.benchmark
    wildcards: chip_sample=hippoN_Ctr_H3K4me3_rep1

[Mon Sep  2 13:18:40 2019]
Finished job 11.
3 of 104 steps (3%) done
Submitted job 40 with external jobid '147151'.

[Mon Sep  2 13:18:40 2019]
rule bamCompare_log2:
    input: filtered_bam/hippoN_Foxg1KD_H3K4me3_rep1.filtered.bam, filtered_bam/hippoN_Foxg1KD_H3K4me3_rep1.filtered.bam.bai, filtered_bam/hippoN_Foxg1KD_Input_rep1.filtered.bam, filtered_bam/hippoN_Foxg1KD_Input_rep1.filtered.bam.bai
    output: deepTools_ChIP/bamCompare/hippoN_Foxg1KD_H3K4me3_rep1.filtered.log2ratio.over_hippoN_Foxg1KD_Input_rep1.bw
    log: deepTools_ChIP/logs/bamCompare.log2ratio.hippoN_Foxg1KD_H3K4me3_rep1.hippoN_Foxg1KD_Input_rep1.filtered.out, deepTools_ChIP/logs/bamCompare.log2ratio.hippoN_Foxg1KD_H3K4me3_rep1.hippoN_Foxg1KD_Input_rep1.filtered.err
    jobid: 31
    benchmark: deepTools_ChIP/.benchmark/bamCompare.log2ratio.hippoN_Foxg1KD_H3K4me3_rep1.hippoN_Foxg1KD_Input_rep1.filtered.benchmark
    wildcards: chip_sample=hippoN_Foxg1KD_H3K4me3_rep1, control_name=hippoN_Foxg1KD_Input_rep1
    threads: 16

Submitted job 31 with external jobid '147152'.
[Mon Sep  2 13:23:20 2019]
Finished job 15.
4 of 104 steps (4%) done

[Mon Sep  2 13:23:20 2019]
rule bamCompare_subtract:
    input: filtered_bam/hippoN_Foxg1KD_H3K4me3_rep1.filtered.bam, filtered_bam/hippoN_Foxg1KD_H3K4me3_rep1.filtered.bam.bai, filtered_bam/hippoN_Foxg1KD_Input_rep1.filtered.bam, filtered_bam/hippoN_Foxg1KD_Input_rep1.filtered.bam.bai
    output: deepTools_ChIP/bamCompare/hippoN_Foxg1KD_H3K4me3_rep1.filtered.subtract.hippoN_Foxg1KD_Input_rep1.bw
    log: deepTools_ChIP/logs/bamCompare.subtract.hippoN_Foxg1KD_H3K4me3_rep1.filtered.subtract.hippoN_Foxg1KD_Input_rep1.out, deepTools_ChIP/logs/bamCompare.subtract.hippoN_Foxg1KD_H3K4me3_rep1.filtered.subtract.hippoN_Foxg1KD_Input_rep1.err
    jobid: 30
    benchmark: deepTools_ChIP/.benchmark/bamCompare.subtract.hippoN_Foxg1KD_H3K4me3_rep1.filtered.subtract.hippoN_Foxg1KD_Input_rep1.benchmark
    wildcards: chip_sample=hippoN_Foxg1KD_H3K4me3_rep1, control_name=hippoN_Foxg1KD_Input_rep1
    threads: 16

Submitted job 30 with external jobid '147172'.
[Mon Sep  2 13:23:51 2019]
Finished job 31.
5 of 104 steps (5%) done

[Mon Sep  2 13:23:51 2019]
rule MACS2:
    input: filtered_bam/hippoN_Foxg1KD_H3K4me3_rep1.filtered.bam, filtered_bam/hippoN_Foxg1KD_Input_rep1.filtered.bam, deepTools_qc/bamPEFragmentSize/fragmentSize.metric.tsv
    output: MACS2/hippoN_Foxg1KD_H3K4me3_rep1.filtered.BAM_peaks.xls, MACS2/hippoN_Foxg1KD_H3K4me3_rep1.filtered.BAMPE_peaks.xls
    log: MACS2/logs/MACS2.hippoN_Foxg1KD_H3K4me3_rep1.filtered.out, MACS2/logs/MACS2.hippoN_Foxg1KD_H3K4me3_rep1.filtered.err
    jobid: 48
    benchmark: MACS2/.benchmark/MACS2.hippoN_Foxg1KD_H3K4me3_rep1.filtered.benchmark
    wildcards: chip_sample=hippoN_Foxg1KD_H3K4me3_rep1

Submitted job 48 with external jobid '147175'.
[Mon Sep  2 13:27:21 2019]
Finished job 38.
6 of 104 steps (6%) done

[Mon Sep  2 13:27:21 2019]
rule bamCompare_log2:
    input: filtered_bam/hippoN_Foxg1KD_H3K4me1_rep1.filtered.bam, filtered_bam/hippoN_Foxg1KD_H3K4me1_rep1.filtered.bam.bai, filtered_bam/hippoN_Foxg1KD_Input_rep1.filtered.bam, filtered_bam/hippoN_Foxg1KD_Input_rep1.filtered.bam.bai
    output: deepTools_ChIP/bamCompare/hippoN_Foxg1KD_H3K4me1_rep1.filtered.log2ratio.over_hippoN_Foxg1KD_Input_rep1.bw
    log: deepTools_ChIP/logs/bamCompare.log2ratio.hippoN_Foxg1KD_H3K4me1_rep1.hippoN_Foxg1KD_Input_rep1.filtered.out, deepTools_ChIP/logs/bamCompare.log2ratio.hippoN_Foxg1KD_H3K4me1_rep1.hippoN_Foxg1KD_Input_rep1.filtered.err
    jobid: 27
    benchmark: deepTools_ChIP/.benchmark/bamCompare.log2ratio.hippoN_Foxg1KD_H3K4me1_rep1.hippoN_Foxg1KD_Input_rep1.filtered.benchmark
    wildcards: chip_sample=hippoN_Foxg1KD_H3K4me1_rep1, control_name=hippoN_Foxg1KD_Input_rep1
    threads: 16

Submitted job 27 with external jobid '147197'.
[Mon Sep  2 13:29:21 2019]
Finished job 30.
7 of 104 steps (7%) done

[Mon Sep  2 13:29:21 2019]
rule bamCompare_subtract:
    input: filtered_bam/hippoN_Foxg1KD_H3K4me1_rep1.filtered.bam, filtered_bam/hippoN_Foxg1KD_H3K4me1_rep1.filtered.bam.bai, filtered_bam/hippoN_Foxg1KD_Input_rep1.filtered.bam, filtered_bam/hippoN_Foxg1KD_Input_rep1.filtered.bam.bai
    output: deepTools_ChIP/bamCompare/hippoN_Foxg1KD_H3K4me1_rep1.filtered.subtract.hippoN_Foxg1KD_Input_rep1.bw
    log: deepTools_ChIP/logs/bamCompare.subtract.hippoN_Foxg1KD_H3K4me1_rep1.filtered.subtract.hippoN_Foxg1KD_Input_rep1.out, deepTools_ChIP/logs/bamCompare.subtract.hippoN_Foxg1KD_H3K4me1_rep1.filtered.subtract.hippoN_Foxg1KD_Input_rep1.err
    jobid: 26
    benchmark: deepTools_ChIP/.benchmark/bamCompare.subtract.hippoN_Foxg1KD_H3K4me1_rep1.filtered.subtract.hippoN_Foxg1KD_Input_rep1.benchmark
    wildcards: chip_sample=hippoN_Foxg1KD_H3K4me1_rep1, control_name=hippoN_Foxg1KD_Input_rep1
    threads: 16

Submitted job 26 with external jobid '147207'.
[Mon Sep  2 13:31:51 2019]
Finished job 27.
8 of 104 steps (8%) done

[Mon Sep  2 13:31:51 2019]
rule MACS2:
    input: filtered_bam/hippoN_Foxg1KD_H3K4me1_rep1.filtered.bam, filtered_bam/hippoN_Foxg1KD_Input_rep1.filtered.bam, deepTools_qc/bamPEFragmentSize/fragmentSize.metric.tsv
    output: MACS2/hippoN_Foxg1KD_H3K4me1_rep1.filtered.BAM_peaks.xls, MACS2/hippoN_Foxg1KD_H3K4me1_rep1.filtered.BAMPE_peaks.xls
    log: MACS2/logs/MACS2.hippoN_Foxg1KD_H3K4me1_rep1.filtered.out, MACS2/logs/MACS2.hippoN_Foxg1KD_H3K4me1_rep1.filtered.err
    jobid: 46
    benchmark: MACS2/.benchmark/MACS2.hippoN_Foxg1KD_H3K4me1_rep1.filtered.benchmark
    wildcards: chip_sample=hippoN_Foxg1KD_H3K4me1_rep1

Submitted job 46 with external jobid '147218'.
[Mon Sep  2 13:33:22 2019]
Finished job 40.
9 of 104 steps (9%) done

[Mon Sep  2 13:33:22 2019]
rule bamCompare_log2:
    input: filtered_bam/hippoN_Ctr_H3K27ac_rep1.filtered.bam, filtered_bam/hippoN_Ctr_H3K27ac_rep1.filtered.bam.bai, filtered_bam/hippoN_Ctr_Input_rep1.filtered.bam, filtered_bam/hippoN_Ctr_Input_rep1.filtered.bam.bai
    output: deepTools_ChIP/bamCompare/hippoN_Ctr_H3K27ac_rep1.filtered.log2ratio.over_hippoN_Ctr_Input_rep1.bw
    log: deepTools_ChIP/logs/bamCompare.log2ratio.hippoN_Ctr_H3K27ac_rep1.hippoN_Ctr_Input_rep1.filtered.out, deepTools_ChIP/logs/bamCompare.log2ratio.hippoN_Ctr_H3K27ac_rep1.hippoN_Ctr_Input_rep1.filtered.err
    jobid: 3
    benchmark: deepTools_ChIP/.benchmark/bamCompare.log2ratio.hippoN_Ctr_H3K27ac_rep1.hippoN_Ctr_Input_rep1.filtered.benchmark
    wildcards: chip_sample=hippoN_Ctr_H3K27ac_rep1, control_name=hippoN_Ctr_Input_rep1
    threads: 16

[Mon Sep  2 13:33:22 2019]
Finished job 26.
10 of 104 steps (10%) done
Submitted job 3 with external jobid '147224'.

[Mon Sep  2 13:33:22 2019]
rule bamCompare_subtract:
    input: filtered_bam/hippoN_Ctr_H3K27ac_rep1.filtered.bam, filtered_bam/hippoN_Ctr_H3K27ac_rep1.filtered.bam.bai, filtered_bam/hippoN_Ctr_Input_rep1.filtered.bam, filtered_bam/hippoN_Ctr_Input_rep1.filtered.bam.bai
    output: deepTools_ChIP/bamCompare/hippoN_Ctr_H3K27ac_rep1.filtered.subtract.hippoN_Ctr_Input_rep1.bw
    log: deepTools_ChIP/logs/bamCompare.subtract.hippoN_Ctr_H3K27ac_rep1.filtered.subtract.hippoN_Ctr_Input_rep1.out, deepTools_ChIP/logs/bamCompare.subtract.hippoN_Ctr_H3K27ac_rep1.filtered.subtract.hippoN_Ctr_Input_rep1.err
    jobid: 2
    benchmark: deepTools_ChIP/.benchmark/bamCompare.subtract.hippoN_Ctr_H3K27ac_rep1.filtered.subtract.hippoN_Ctr_Input_rep1.benchmark
    wildcards: chip_sample=hippoN_Ctr_H3K27ac_rep1, control_name=hippoN_Ctr_Input_rep1
    threads: 16

Submitted job 2 with external jobid '147225'.
[Mon Sep  2 13:37:32 2019]
Finished job 2.
11 of 104 steps (11%) done

[Mon Sep  2 13:37:32 2019]
rule MACS2:
    input: filtered_bam/hippoN_Ctr_H3K27ac_rep1.filtered.bam, filtered_bam/hippoN_Ctr_Input_rep1.filtered.bam, deepTools_qc/bamPEFragmentSize/fragmentSize.metric.tsv
    output: MACS2/hippoN_Ctr_H3K27ac_rep1.filtered.BAM_peaks.xls, MACS2/hippoN_Ctr_H3K27ac_rep1.filtered.BAMPE_peaks.xls
    log: MACS2/logs/MACS2.hippoN_Ctr_H3K27ac_rep1.filtered.out, MACS2/logs/MACS2.hippoN_Ctr_H3K27ac_rep1.filtered.err
    jobid: 34
    benchmark: MACS2/.benchmark/MACS2.hippoN_Ctr_H3K27ac_rep1.filtered.benchmark
    wildcards: chip_sample=hippoN_Ctr_H3K27ac_rep1

Submitted job 34 with external jobid '147243'.
[Mon Sep  2 13:38:02 2019]
Finished job 48.
12 of 104 steps (12%) done

[Mon Sep  2 13:38:02 2019]
rule bamCompare_log2:
    input: filtered_bam/hippoN_Foxg1KD_H3K4me3_rep2.filtered.bam, filtered_bam/hippoN_Foxg1KD_H3K4me3_rep2.filtered.bam.bai, filtered_bam/hippoN_Foxg1KD_Input_rep2.filtered.bam, filtered_bam/hippoN_Foxg1KD_Input_rep2.filtered.bam.bai
    output: deepTools_ChIP/bamCompare/hippoN_Foxg1KD_H3K4me3_rep2.filtered.log2ratio.over_hippoN_Foxg1KD_Input_rep2.bw
    log: deepTools_ChIP/logs/bamCompare.log2ratio.hippoN_Foxg1KD_H3K4me3_rep2.hippoN_Foxg1KD_Input_rep2.filtered.out, deepTools_ChIP/logs/bamCompare.log2ratio.hippoN_Foxg1KD_H3K4me3_rep2.hippoN_Foxg1KD_Input_rep2.filtered.err
    jobid: 33
    benchmark: deepTools_ChIP/.benchmark/bamCompare.log2ratio.hippoN_Foxg1KD_H3K4me3_rep2.hippoN_Foxg1KD_Input_rep2.filtered.benchmark
    wildcards: chip_sample=hippoN_Foxg1KD_H3K4me3_rep2, control_name=hippoN_Foxg1KD_Input_rep2
    threads: 16

[Mon Sep  2 13:38:02 2019]
Finished job 3.
13 of 104 steps (12%) done
Submitted job 33 with external jobid '147245'.

[Mon Sep  2 13:38:03 2019]
rule bamCompare_subtract:
    input: filtered_bam/hippoN_Foxg1KD_H3K4me3_rep2.filtered.bam, filtered_bam/hippoN_Foxg1KD_H3K4me3_rep2.filtered.bam.bai, filtered_bam/hippoN_Foxg1KD_Input_rep2.filtered.bam, filtered_bam/hippoN_Foxg1KD_Input_rep2.filtered.bam.bai
    output: deepTools_ChIP/bamCompare/hippoN_Foxg1KD_H3K4me3_rep2.filtered.subtract.hippoN_Foxg1KD_Input_rep2.bw
    log: deepTools_ChIP/logs/bamCompare.subtract.hippoN_Foxg1KD_H3K4me3_rep2.filtered.subtract.hippoN_Foxg1KD_Input_rep2.out, deepTools_ChIP/logs/bamCompare.subtract.hippoN_Foxg1KD_H3K4me3_rep2.filtered.subtract.hippoN_Foxg1KD_Input_rep2.err
    jobid: 32
    benchmark: deepTools_ChIP/.benchmark/bamCompare.subtract.hippoN_Foxg1KD_H3K4me3_rep2.filtered.subtract.hippoN_Foxg1KD_Input_rep2.benchmark
    wildcards: chip_sample=hippoN_Foxg1KD_H3K4me3_rep2, control_name=hippoN_Foxg1KD_Input_rep2
    threads: 16

Submitted job 32 with external jobid '147246'.
[Mon Sep  2 13:43:13 2019]
Finished job 32.
14 of 104 steps (13%) done

[Mon Sep  2 13:43:13 2019]
rule MACS2:
    input: filtered_bam/hippoN_Foxg1KD_H3K4me3_rep2.filtered.bam, filtered_bam/hippoN_Foxg1KD_Input_rep2.filtered.bam, deepTools_qc/bamPEFragmentSize/fragmentSize.metric.tsv
    output: MACS2/hippoN_Foxg1KD_H3K4me3_rep2.filtered.BAM_peaks.xls, MACS2/hippoN_Foxg1KD_H3K4me3_rep2.filtered.BAMPE_peaks.xls
    log: MACS2/logs/MACS2.hippoN_Foxg1KD_H3K4me3_rep2.filtered.out, MACS2/logs/MACS2.hippoN_Foxg1KD_H3K4me3_rep2.filtered.err
    jobid: 49
    benchmark: MACS2/.benchmark/MACS2.hippoN_Foxg1KD_H3K4me3_rep2.filtered.benchmark
    wildcards: chip_sample=hippoN_Foxg1KD_H3K4me3_rep2

Submitted job 49 with external jobid '147267'.
[Mon Sep  2 13:43:43 2019]
Finished job 33.
15 of 104 steps (14%) done

[Mon Sep  2 13:43:43 2019]
rule bamCompare_subtract:
    input: filtered_bam/hippoN_Foxg1KD_H3K4me1_rep2.filtered.bam, filtered_bam/hippoN_Foxg1KD_H3K4me1_rep2.filtered.bam.bai, filtered_bam/hippoN_Foxg1KD_Input_rep2.filtered.bam, filtered_bam/hippoN_Foxg1KD_Input_rep2.filtered.bam.bai
    output: deepTools_ChIP/bamCompare/hippoN_Foxg1KD_H3K4me1_rep2.filtered.subtract.hippoN_Foxg1KD_Input_rep2.bw
    log: deepTools_ChIP/logs/bamCompare.subtract.hippoN_Foxg1KD_H3K4me1_rep2.filtered.subtract.hippoN_Foxg1KD_Input_rep2.out, deepTools_ChIP/logs/bamCompare.subtract.hippoN_Foxg1KD_H3K4me1_rep2.filtered.subtract.hippoN_Foxg1KD_Input_rep2.err
    jobid: 28
    benchmark: deepTools_ChIP/.benchmark/bamCompare.subtract.hippoN_Foxg1KD_H3K4me1_rep2.filtered.subtract.hippoN_Foxg1KD_Input_rep2.benchmark
    wildcards: chip_sample=hippoN_Foxg1KD_H3K4me1_rep2, control_name=hippoN_Foxg1KD_Input_rep2
    threads: 16

Submitted job 28 with external jobid '147268'.
[Mon Sep  2 13:45:13 2019]
Finished job 46.
16 of 104 steps (15%) done

[Mon Sep  2 13:45:13 2019]
rule bamCompare_log2:
    input: filtered_bam/hippoN_Foxg1KD_H3K4me1_rep2.filtered.bam, filtered_bam/hippoN_Foxg1KD_H3K4me1_rep2.filtered.bam.bai, filtered_bam/hippoN_Foxg1KD_Input_rep2.filtered.bam, filtered_bam/hippoN_Foxg1KD_Input_rep2.filtered.bam.bai
    output: deepTools_ChIP/bamCompare/hippoN_Foxg1KD_H3K4me1_rep2.filtered.log2ratio.over_hippoN_Foxg1KD_Input_rep2.bw
    log: deepTools_ChIP/logs/bamCompare.log2ratio.hippoN_Foxg1KD_H3K4me1_rep2.hippoN_Foxg1KD_Input_rep2.filtered.out, deepTools_ChIP/logs/bamCompare.log2ratio.hippoN_Foxg1KD_H3K4me1_rep2.hippoN_Foxg1KD_Input_rep2.filtered.err
    jobid: 29
    benchmark: deepTools_ChIP/.benchmark/bamCompare.log2ratio.hippoN_Foxg1KD_H3K4me1_rep2.hippoN_Foxg1KD_Input_rep2.filtered.benchmark
    wildcards: chip_sample=hippoN_Foxg1KD_H3K4me1_rep2, control_name=hippoN_Foxg1KD_Input_rep2
    threads: 16

Submitted job 29 with external jobid '147275'.
[Mon Sep  2 13:46:13 2019]
Finished job 1.
17 of 104 steps (16%) done

[Mon Sep  2 13:46:13 2019]
rule MACS2:
    input: filtered_bam/hippoN_Foxg1KD_H3K4me1_rep2.filtered.bam, filtered_bam/hippoN_Foxg1KD_Input_rep2.filtered.bam, deepTools_qc/bamPEFragmentSize/fragmentSize.metric.tsv
    output: MACS2/hippoN_Foxg1KD_H3K4me1_rep2.filtered.BAM_peaks.xls, MACS2/hippoN_Foxg1KD_H3K4me1_rep2.filtered.BAMPE_peaks.xls
    log: MACS2/logs/MACS2.hippoN_Foxg1KD_H3K4me1_rep2.filtered.out, MACS2/logs/MACS2.hippoN_Foxg1KD_H3K4me1_rep2.filtered.err
    jobid: 47
    benchmark: MACS2/.benchmark/MACS2.hippoN_Foxg1KD_H3K4me1_rep2.filtered.benchmark
    wildcards: chip_sample=hippoN_Foxg1KD_H3K4me1_rep2

Submitted job 47 with external jobid '147280'.
[Mon Sep  2 13:48:44 2019]
Finished job 28.
18 of 104 steps (17%) done

[Mon Sep  2 13:48:44 2019]
rule bamCompare_log2:
    input: filtered_bam/hippoN_Ctr_H3K4me3_rep2.filtered.bam, filtered_bam/hippoN_Ctr_H3K4me3_rep2.filtered.bam.bai, filtered_bam/hippoN_Ctr_Input_rep2.filtered.bam, filtered_bam/hippoN_Ctr_Input_rep2.filtered.bam.bai
    output: deepTools_ChIP/bamCompare/hippoN_Ctr_H3K4me3_rep2.filtered.log2ratio.over_hippoN_Ctr_Input_rep2.bw
    log: deepTools_ChIP/logs/bamCompare.log2ratio.hippoN_Ctr_H3K4me3_rep2.hippoN_Ctr_Input_rep2.filtered.out, deepTools_ChIP/logs/bamCompare.log2ratio.hippoN_Ctr_H3K4me3_rep2.hippoN_Ctr_Input_rep2.filtered.err
    jobid: 17
    benchmark: deepTools_ChIP/.benchmark/bamCompare.log2ratio.hippoN_Ctr_H3K4me3_rep2.hippoN_Ctr_Input_rep2.filtered.benchmark
    wildcards: chip_sample=hippoN_Ctr_H3K4me3_rep2, control_name=hippoN_Ctr_Input_rep2
    threads: 16

Submitted job 17 with external jobid '147287'.
[Mon Sep  2 13:49:44 2019]
Finished job 29.
19 of 104 steps (18%) done

[Mon Sep  2 13:49:44 2019]
rule bamCompare_subtract:
    input: filtered_bam/hippoN_Ctr_H3K4me3_rep2.filtered.bam, filtered_bam/hippoN_Ctr_H3K4me3_rep2.filtered.bam.bai, filtered_bam/hippoN_Ctr_Input_rep2.filtered.bam, filtered_bam/hippoN_Ctr_Input_rep2.filtered.bam.bai
    output: deepTools_ChIP/bamCompare/hippoN_Ctr_H3K4me3_rep2.filtered.subtract.hippoN_Ctr_Input_rep2.bw
    log: deepTools_ChIP/logs/bamCompare.subtract.hippoN_Ctr_H3K4me3_rep2.filtered.subtract.hippoN_Ctr_Input_rep2.out, deepTools_ChIP/logs/bamCompare.subtract.hippoN_Ctr_H3K4me3_rep2.filtered.subtract.hippoN_Ctr_Input_rep2.err
    jobid: 16
    benchmark: deepTools_ChIP/.benchmark/bamCompare.subtract.hippoN_Ctr_H3K4me3_rep2.filtered.subtract.hippoN_Ctr_Input_rep2.benchmark
    wildcards: chip_sample=hippoN_Ctr_H3K4me3_rep2, control_name=hippoN_Ctr_Input_rep2
    threads: 16

Submitted job 16 with external jobid '147294'.
[Mon Sep  2 13:51:14 2019]
Finished job 34.
20 of 104 steps (19%) done

[Mon Sep  2 13:51:14 2019]
rule bamCompare_subtract:
    input: filtered_bam/hippoN_Ctr_H3K4me1_rep2.filtered.bam, filtered_bam/hippoN_Ctr_H3K4me1_rep2.filtered.bam.bai, filtered_bam/hippoN_Ctr_Input_rep2.filtered.bam, filtered_bam/hippoN_Ctr_Input_rep2.filtered.bam.bai
    output: deepTools_ChIP/bamCompare/hippoN_Ctr_H3K4me1_rep2.filtered.subtract.hippoN_Ctr_Input_rep2.bw
    log: deepTools_ChIP/logs/bamCompare.subtract.hippoN_Ctr_H3K4me1_rep2.filtered.subtract.hippoN_Ctr_Input_rep2.out, deepTools_ChIP/logs/bamCompare.subtract.hippoN_Ctr_H3K4me1_rep2.filtered.subtract.hippoN_Ctr_Input_rep2.err
    jobid: 12
    benchmark: deepTools_ChIP/.benchmark/bamCompare.subtract.hippoN_Ctr_H3K4me1_rep2.filtered.subtract.hippoN_Ctr_Input_rep2.benchmark
    wildcards: chip_sample=hippoN_Ctr_H3K4me1_rep2, control_name=hippoN_Ctr_Input_rep2
    threads: 16

Submitted job 12 with external jobid '147303'.
[Mon Sep  2 13:54:14 2019]
Finished job 17.
21 of 104 steps (20%) done

[Mon Sep  2 13:54:14 2019]
rule bamCompare_log2:
    input: filtered_bam/hippoN_Ctr_H3K4me1_rep2.filtered.bam, filtered_bam/hippoN_Ctr_H3K4me1_rep2.filtered.bam.bai, filtered_bam/hippoN_Ctr_Input_rep2.filtered.bam, filtered_bam/hippoN_Ctr_Input_rep2.filtered.bam.bai
    output: deepTools_ChIP/bamCompare/hippoN_Ctr_H3K4me1_rep2.filtered.log2ratio.over_hippoN_Ctr_Input_rep2.bw
    log: deepTools_ChIP/logs/bamCompare.log2ratio.hippoN_Ctr_H3K4me1_rep2.hippoN_Ctr_Input_rep2.filtered.out, deepTools_ChIP/logs/bamCompare.log2ratio.hippoN_Ctr_H3K4me1_rep2.hippoN_Ctr_Input_rep2.filtered.err
    jobid: 13
    benchmark: deepTools_ChIP/.benchmark/bamCompare.log2ratio.hippoN_Ctr_H3K4me1_rep2.hippoN_Ctr_Input_rep2.filtered.benchmark
    wildcards: chip_sample=hippoN_Ctr_H3K4me1_rep2, control_name=hippoN_Ctr_Input_rep2
    threads: 16

Submitted job 13 with external jobid '147321'.
[Mon Sep  2 13:54:45 2019]
Finished job 16.
22 of 104 steps (21%) done

[Mon Sep  2 13:54:45 2019]
rule MACS2:
    input: filtered_bam/hippoN_Ctr_H3K4me3_rep2.filtered.bam, filtered_bam/hippoN_Ctr_Input_rep2.filtered.bam, deepTools_qc/bamPEFragmentSize/fragmentSize.metric.tsv
    output: MACS2/hippoN_Ctr_H3K4me3_rep2.filtered.BAM_peaks.xls, MACS2/hippoN_Ctr_H3K4me3_rep2.filtered.BAMPE_peaks.xls
    log: MACS2/logs/MACS2.hippoN_Ctr_H3K4me3_rep2.filtered.out, MACS2/logs/MACS2.hippoN_Ctr_H3K4me3_rep2.filtered.err
    jobid: 41
    benchmark: MACS2/.benchmark/MACS2.hippoN_Ctr_H3K4me3_rep2.filtered.benchmark
    wildcards: chip_sample=hippoN_Ctr_H3K4me3_rep2

Submitted job 41 with external jobid '147324'.
[Mon Sep  2 13:55:45 2019]
Finished job 12.
23 of 104 steps (22%) done

[Mon Sep  2 13:55:45 2019]
rule MACS2:
    input: filtered_bam/hippoN_Ctr_H3K4me1_rep2.filtered.bam, filtered_bam/hippoN_Ctr_Input_rep2.filtered.bam, deepTools_qc/bamPEFragmentSize/fragmentSize.metric.tsv
    output: MACS2/hippoN_Ctr_H3K4me1_rep2.filtered.BAM_peaks.xls, MACS2/hippoN_Ctr_H3K4me1_rep2.filtered.BAMPE_peaks.xls
    log: MACS2/logs/MACS2.hippoN_Ctr_H3K4me1_rep2.filtered.out, MACS2/logs/MACS2.hippoN_Ctr_H3K4me1_rep2.filtered.err
    jobid: 39
    benchmark: MACS2/.benchmark/MACS2.hippoN_Ctr_H3K4me1_rep2.filtered.benchmark
    wildcards: chip_sample=hippoN_Ctr_H3K4me1_rep2

Submitted job 39 with external jobid '147333'.
[Mon Sep  2 13:56:15 2019]
Finished job 49.
24 of 104 steps (23%) done

[Mon Sep  2 13:56:15 2019]
rule bamCompare_subtract:
    input: filtered_bam/hippoN_Ctr_H3K27me3_rep1.filtered.bam, filtered_bam/hippoN_Ctr_H3K27me3_rep1.filtered.bam.bai, filtered_bam/hippoN_Ctr_Input_rep1.filtered.bam, filtered_bam/hippoN_Ctr_Input_rep1.filtered.bam.bai
    output: deepTools_ChIP/bamCompare/hippoN_Ctr_H3K27me3_rep1.filtered.subtract.hippoN_Ctr_Input_rep1.bw
    log: deepTools_ChIP/logs/bamCompare.subtract.hippoN_Ctr_H3K27me3_rep1.filtered.subtract.hippoN_Ctr_Input_rep1.out, deepTools_ChIP/logs/bamCompare.subtract.hippoN_Ctr_H3K27me3_rep1.filtered.subtract.hippoN_Ctr_Input_rep1.err
    jobid: 6
    benchmark: deepTools_ChIP/.benchmark/bamCompare.subtract.hippoN_Ctr_H3K27me3_rep1.filtered.subtract.hippoN_Ctr_Input_rep1.benchmark
    wildcards: chip_sample=hippoN_Ctr_H3K27me3_rep1, control_name=hippoN_Ctr_Input_rep1
    threads: 16

Submitted job 6 with external jobid '147340'.
[Mon Sep  2 13:58:15 2019]
Finished job 47.
25 of 104 steps (24%) done

[Mon Sep  2 13:58:15 2019]
rule bamCompare_log2:
    input: filtered_bam/hippoN_Ctr_H3K27me3_rep1.filtered.bam, filtered_bam/hippoN_Ctr_H3K27me3_rep1.filtered.bam.bai, filtered_bam/hippoN_Ctr_Input_rep1.filtered.bam, filtered_bam/hippoN_Ctr_Input_rep1.filtered.bam.bai
    output: deepTools_ChIP/bamCompare/hippoN_Ctr_H3K27me3_rep1.filtered.log2ratio.over_hippoN_Ctr_Input_rep1.bw
    log: deepTools_ChIP/logs/bamCompare.log2ratio.hippoN_Ctr_H3K27me3_rep1.hippoN_Ctr_Input_rep1.filtered.out, deepTools_ChIP/logs/bamCompare.log2ratio.hippoN_Ctr_H3K27me3_rep1.hippoN_Ctr_Input_rep1.filtered.err
    jobid: 7
    benchmark: deepTools_ChIP/.benchmark/bamCompare.log2ratio.hippoN_Ctr_H3K27me3_rep1.hippoN_Ctr_Input_rep1.filtered.benchmark
    wildcards: chip_sample=hippoN_Ctr_H3K27me3_rep1, control_name=hippoN_Ctr_Input_rep1
    threads: 16

Submitted job 7 with external jobid '147357'.
[Mon Sep  2 13:59:45 2019]
Finished job 13.
26 of 104 steps (25%) done

[Mon Sep  2 13:59:45 2019]
rule MACS2:
    input: filtered_bam/hippoN_Ctr_H3K27me3_rep1.filtered.bam, filtered_bam/hippoN_Ctr_Input_rep1.filtered.bam, deepTools_qc/bamPEFragmentSize/fragmentSize.metric.tsv
    output: MACS2/hippoN_Ctr_H3K27me3_rep1.filtered.BAM_peaks.xls, MACS2/hippoN_Ctr_H3K27me3_rep1.filtered.BAMPE_peaks.xls
    log: MACS2/logs/MACS2.hippoN_Ctr_H3K27me3_rep1.filtered.out, MACS2/logs/MACS2.hippoN_Ctr_H3K27me3_rep1.filtered.err
    jobid: 36
    benchmark: MACS2/.benchmark/MACS2.hippoN_Ctr_H3K27me3_rep1.filtered.benchmark
    wildcards: chip_sample=hippoN_Ctr_H3K27me3_rep1

Submitted job 36 with external jobid '147365'.
[Mon Sep  2 14:00:16 2019]
Finished job 6.
27 of 104 steps (26%) done

[Mon Sep  2 14:00:16 2019]
rule bamCompare_subtract:
    input: filtered_bam/hippoN_Foxg1KD_H3K27me3_rep1.filtered.bam, filtered_bam/hippoN_Foxg1KD_H3K27me3_rep1.filtered.bam.bai, filtered_bam/hippoN_Foxg1KD_Input_rep1.filtered.bam, filtered_bam/hippoN_Foxg1KD_Input_rep1.filtered.bam.bai
    output: deepTools_ChIP/bamCompare/hippoN_Foxg1KD_H3K27me3_rep1.filtered.subtract.hippoN_Foxg1KD_Input_rep1.bw
    log: deepTools_ChIP/logs/bamCompare.subtract.hippoN_Foxg1KD_H3K27me3_rep1.filtered.subtract.hippoN_Foxg1KD_Input_rep1.out, deepTools_ChIP/logs/bamCompare.subtract.hippoN_Foxg1KD_H3K27me3_rep1.filtered.subtract.hippoN_Foxg1KD_Input_rep1.err
    jobid: 22
    benchmark: deepTools_ChIP/.benchmark/bamCompare.subtract.hippoN_Foxg1KD_H3K27me3_rep1.filtered.subtract.hippoN_Foxg1KD_Input_rep1.benchmark
    wildcards: chip_sample=hippoN_Foxg1KD_H3K27me3_rep1, control_name=hippoN_Foxg1KD_Input_rep1
    threads: 16

Submitted job 22 with external jobid '147374'.
[Mon Sep  2 14:01:46 2019]
Finished job 7.
28 of 104 steps (27%) done

[Mon Sep  2 14:01:46 2019]
rule bamCompare_log2:
    input: filtered_bam/hippoN_Foxg1KD_H3K27me3_rep1.filtered.bam, filtered_bam/hippoN_Foxg1KD_H3K27me3_rep1.filtered.bam.bai, filtered_bam/hippoN_Foxg1KD_Input_rep1.filtered.bam, filtered_bam/hippoN_Foxg1KD_Input_rep1.filtered.bam.bai
    output: deepTools_ChIP/bamCompare/hippoN_Foxg1KD_H3K27me3_rep1.filtered.log2ratio.over_hippoN_Foxg1KD_Input_rep1.bw
    log: deepTools_ChIP/logs/bamCompare.log2ratio.hippoN_Foxg1KD_H3K27me3_rep1.hippoN_Foxg1KD_Input_rep1.filtered.out, deepTools_ChIP/logs/bamCompare.log2ratio.hippoN_Foxg1KD_H3K27me3_rep1.hippoN_Foxg1KD_Input_rep1.filtered.err
    jobid: 23
    benchmark: deepTools_ChIP/.benchmark/bamCompare.log2ratio.hippoN_Foxg1KD_H3K27me3_rep1.hippoN_Foxg1KD_Input_rep1.filtered.benchmark
    wildcards: chip_sample=hippoN_Foxg1KD_H3K27me3_rep1, control_name=hippoN_Foxg1KD_Input_rep1
    threads: 16

Submitted job 23 with external jobid '147383'.
[Mon Sep  2 14:04:46 2019]
Finished job 22.
29 of 104 steps (28%) done

[Mon Sep  2 14:04:46 2019]
rule MACS2:
    input: filtered_bam/hippoN_Foxg1KD_H3K27me3_rep1.filtered.bam, filtered_bam/hippoN_Foxg1KD_Input_rep1.filtered.bam, deepTools_qc/bamPEFragmentSize/fragmentSize.metric.tsv
    output: MACS2/hippoN_Foxg1KD_H3K27me3_rep1.filtered.BAM_peaks.xls, MACS2/hippoN_Foxg1KD_H3K27me3_rep1.filtered.BAMPE_peaks.xls
    log: MACS2/logs/MACS2.hippoN_Foxg1KD_H3K27me3_rep1.filtered.out, MACS2/logs/MACS2.hippoN_Foxg1KD_H3K27me3_rep1.filtered.err
    jobid: 44
    benchmark: MACS2/.benchmark/MACS2.hippoN_Foxg1KD_H3K27me3_rep1.filtered.benchmark
    wildcards: chip_sample=hippoN_Foxg1KD_H3K27me3_rep1

Submitted job 44 with external jobid '147409'.
[Mon Sep  2 14:05:46 2019]
Finished job 41.
30 of 104 steps (29%) done

[Mon Sep  2 14:05:46 2019]
rule bamCompare_subtract:
    input: filtered_bam/hippoN_Foxg1KD_H3K27ac_rep1.filtered.bam, filtered_bam/hippoN_Foxg1KD_H3K27ac_rep1.filtered.bam.bai, filtered_bam/hippoN_Foxg1KD_Input_rep1.filtered.bam, filtered_bam/hippoN_Foxg1KD_Input_rep1.filtered.bam.bai
    output: deepTools_ChIP/bamCompare/hippoN_Foxg1KD_H3K27ac_rep1.filtered.subtract.hippoN_Foxg1KD_Input_rep1.bw
    log: deepTools_ChIP/logs/bamCompare.subtract.hippoN_Foxg1KD_H3K27ac_rep1.filtered.subtract.hippoN_Foxg1KD_Input_rep1.out, deepTools_ChIP/logs/bamCompare.subtract.hippoN_Foxg1KD_H3K27ac_rep1.filtered.subtract.hippoN_Foxg1KD_Input_rep1.err
    jobid: 18
    benchmark: deepTools_ChIP/.benchmark/bamCompare.subtract.hippoN_Foxg1KD_H3K27ac_rep1.filtered.subtract.hippoN_Foxg1KD_Input_rep1.benchmark
    wildcards: chip_sample=hippoN_Foxg1KD_H3K27ac_rep1, control_name=hippoN_Foxg1KD_Input_rep1
    threads: 16

Submitted job 18 with external jobid '147417'.
[Mon Sep  2 14:06:16 2019]
Finished job 39.
31 of 104 steps (30%) done

[Mon Sep  2 14:06:16 2019]
rule bamCompare_log2:
    input: filtered_bam/hippoN_Foxg1KD_H3K27ac_rep1.filtered.bam, filtered_bam/hippoN_Foxg1KD_H3K27ac_rep1.filtered.bam.bai, filtered_bam/hippoN_Foxg1KD_Input_rep1.filtered.bam, filtered_bam/hippoN_Foxg1KD_Input_rep1.filtered.bam.bai
    output: deepTools_ChIP/bamCompare/hippoN_Foxg1KD_H3K27ac_rep1.filtered.log2ratio.over_hippoN_Foxg1KD_Input_rep1.bw
    log: deepTools_ChIP/logs/bamCompare.log2ratio.hippoN_Foxg1KD_H3K27ac_rep1.hippoN_Foxg1KD_Input_rep1.filtered.out, deepTools_ChIP/logs/bamCompare.log2ratio.hippoN_Foxg1KD_H3K27ac_rep1.hippoN_Foxg1KD_Input_rep1.filtered.err
    jobid: 19
    benchmark: deepTools_ChIP/.benchmark/bamCompare.log2ratio.hippoN_Foxg1KD_H3K27ac_rep1.hippoN_Foxg1KD_Input_rep1.filtered.benchmark
    wildcards: chip_sample=hippoN_Foxg1KD_H3K27ac_rep1, control_name=hippoN_Foxg1KD_Input_rep1
    threads: 16

[Mon Sep  2 14:06:17 2019]
Finished job 23.
32 of 104 steps (31%) done
Submitted job 19 with external jobid '147422'.

[Mon Sep  2 14:06:17 2019]
rule MACS2:
    input: filtered_bam/hippoN_Foxg1KD_H3K27ac_rep1.filtered.bam, filtered_bam/hippoN_Foxg1KD_Input_rep1.filtered.bam, deepTools_qc/bamPEFragmentSize/fragmentSize.metric.tsv
    output: MACS2/hippoN_Foxg1KD_H3K27ac_rep1.filtered.BAM_peaks.xls, MACS2/hippoN_Foxg1KD_H3K27ac_rep1.filtered.BAMPE_peaks.xls
    log: MACS2/logs/MACS2.hippoN_Foxg1KD_H3K27ac_rep1.filtered.out, MACS2/logs/MACS2.hippoN_Foxg1KD_H3K27ac_rep1.filtered.err
    jobid: 42
    benchmark: MACS2/.benchmark/MACS2.hippoN_Foxg1KD_H3K27ac_rep1.filtered.benchmark
    wildcards: chip_sample=hippoN_Foxg1KD_H3K27ac_rep1

Submitted job 42 with external jobid '147423'.
[Mon Sep  2 14:08:57 2019]
Finished job 36.
33 of 104 steps (32%) done

[Mon Sep  2 14:08:57 2019]
rule MACS2_peak_qc:
    input: filtered_bam/hippoN_Ctr_H3K4me1_rep1.filtered.bam, MACS2/hippoN_Ctr_H3K4me1_rep1.filtered.BAM_peaks.xls
    output: MACS2/hippoN_Ctr_H3K4me1_rep1.filtered.BAM_peaks.qc.txt
    jobid: 54
    benchmark: MACS2/.benchmark/MACS2_peak_qc.hippoN_Ctr_H3K4me1_rep1.filtered.benchmark
    wildcards: sample=hippoN_Ctr_H3K4me1_rep1

Submitted job 54 with external jobid '147455'.
[Mon Sep  2 14:09:27 2019]
Finished job 18.
34 of 104 steps (33%) done

[Mon Sep  2 14:09:27 2019]
rule histoneHMM:
    input: filtered_bam/hippoN_Ctr_H3K4me1_rep1.filtered.bam
    output: histoneHMM/hippoN_Ctr_H3K4me1_rep1.filtered.histoneHMM-regions.gff, histoneHMM/hippoN_Ctr_H3K4me1_rep1.filtered.histoneHMM-em-posterior.txt, histoneHMM/hippoN_Ctr_H3K4me1_rep1.filtered.histoneHMM.txt
    log: histoneHMM/logs/histoneHMM.hippoN_Ctr_H3K4me1_rep1.filtered.out, histoneHMM/logs/histoneHMM.hippoN_Ctr_H3K4me1_rep1.filtered.err
    jobid: 77
    benchmark: histoneHMM/.benchmark/histoneHMM.hippoN_Ctr_H3K4me1_rep1.filtered.benchmark
    wildcards: sample=hippoN_Ctr_H3K4me1_rep1

Submitted job 77 with external jobid '147460'.
[Mon Sep  2 14:09:57 2019]
Finished job 54.
35 of 104 steps (34%) done

[Mon Sep  2 14:09:57 2019]
rule bamCompare_subtract:
    input: filtered_bam/hippoN_Ctr_H3K27ac_rep2.filtered.bam, filtered_bam/hippoN_Ctr_H3K27ac_rep2.filtered.bam.bai, filtered_bam/hippoN_Ctr_Input_rep2.filtered.bam, filtered_bam/hippoN_Ctr_Input_rep2.filtered.bam.bai
    output: deepTools_ChIP/bamCompare/hippoN_Ctr_H3K27ac_rep2.filtered.subtract.hippoN_Ctr_Input_rep2.bw
    log: deepTools_ChIP/logs/bamCompare.subtract.hippoN_Ctr_H3K27ac_rep2.filtered.subtract.hippoN_Ctr_Input_rep2.out, deepTools_ChIP/logs/bamCompare.subtract.hippoN_Ctr_H3K27ac_rep2.filtered.subtract.hippoN_Ctr_Input_rep2.err
    jobid: 4
    benchmark: deepTools_ChIP/.benchmark/bamCompare.subtract.hippoN_Ctr_H3K27ac_rep2.filtered.subtract.hippoN_Ctr_Input_rep2.benchmark
    wildcards: chip_sample=hippoN_Ctr_H3K27ac_rep2, control_name=hippoN_Ctr_Input_rep2
    threads: 16

Submitted job 4 with external jobid '147465'.
[Mon Sep  2 14:10:27 2019]
Finished job 19.
36 of 104 steps (35%) done

[Mon Sep  2 14:10:27 2019]
rule bamCompare_log2:
    input: filtered_bam/hippoN_Ctr_H3K27ac_rep2.filtered.bam, filtered_bam/hippoN_Ctr_H3K27ac_rep2.filtered.bam.bai, filtered_bam/hippoN_Ctr_Input_rep2.filtered.bam, filtered_bam/hippoN_Ctr_Input_rep2.filtered.bam.bai
    output: deepTools_ChIP/bamCompare/hippoN_Ctr_H3K27ac_rep2.filtered.log2ratio.over_hippoN_Ctr_Input_rep2.bw
    log: deepTools_ChIP/logs/bamCompare.log2ratio.hippoN_Ctr_H3K27ac_rep2.hippoN_Ctr_Input_rep2.filtered.out, deepTools_ChIP/logs/bamCompare.log2ratio.hippoN_Ctr_H3K27ac_rep2.hippoN_Ctr_Input_rep2.filtered.err
    jobid: 5
    benchmark: deepTools_ChIP/.benchmark/bamCompare.log2ratio.hippoN_Ctr_H3K27ac_rep2.hippoN_Ctr_Input_rep2.filtered.benchmark
    wildcards: chip_sample=hippoN_Ctr_H3K27ac_rep2, control_name=hippoN_Ctr_Input_rep2
    threads: 16

Submitted job 5 with external jobid '147471'.
[Mon Sep  2 14:12:58 2019]
Finished job 44.
37 of 104 steps (36%) done

[Mon Sep  2 14:12:58 2019]
rule MACS2:
    input: filtered_bam/hippoN_Ctr_H3K27ac_rep2.filtered.bam, filtered_bam/hippoN_Ctr_Input_rep2.filtered.bam, deepTools_qc/bamPEFragmentSize/fragmentSize.metric.tsv
    output: MACS2/hippoN_Ctr_H3K27ac_rep2.filtered.BAM_peaks.xls, MACS2/hippoN_Ctr_H3K27ac_rep2.filtered.BAMPE_peaks.xls
    log: MACS2/logs/MACS2.hippoN_Ctr_H3K27ac_rep2.filtered.out, MACS2/logs/MACS2.hippoN_Ctr_H3K27ac_rep2.filtered.err
    jobid: 35
    benchmark: MACS2/.benchmark/MACS2.hippoN_Ctr_H3K27ac_rep2.filtered.benchmark
    wildcards: chip_sample=hippoN_Ctr_H3K27ac_rep2

[Mon Sep  2 14:12:58 2019]
Finished job 4.
38 of 104 steps (37%) done
Submitted job 35 with external jobid '147500'.

[Mon Sep  2 14:12:58 2019]
rule MACS2_peak_qc:
    input: filtered_bam/hippoN_Ctr_H3K4me3_rep1.filtered.bam, MACS2/hippoN_Ctr_H3K4me3_rep1.filtered.BAM_peaks.xls
    output: MACS2/hippoN_Ctr_H3K4me3_rep1.filtered.BAM_peaks.qc.txt
    jobid: 56
    benchmark: MACS2/.benchmark/MACS2_peak_qc.hippoN_Ctr_H3K4me3_rep1.filtered.benchmark
    wildcards: sample=hippoN_Ctr_H3K4me3_rep1

Submitted job 56 with external jobid '147501'.
[Mon Sep  2 14:14:08 2019]
Finished job 5.
39 of 104 steps (38%) done

[Mon Sep  2 14:14:08 2019]
rule MACS2_peak_qc:
    input: filtered_bam/hippoN_Foxg1KD_H3K4me3_rep1.filtered.bam, MACS2/hippoN_Foxg1KD_H3K4me3_rep1.filtered.BAM_peaks.xls
    output: MACS2/hippoN_Foxg1KD_H3K4me3_rep1.filtered.BAM_peaks.qc.txt
    jobid: 64
    benchmark: MACS2/.benchmark/MACS2_peak_qc.hippoN_Foxg1KD_H3K4me3_rep1.filtered.benchmark
    wildcards: sample=hippoN_Foxg1KD_H3K4me3_rep1

[Mon Sep  2 14:14:08 2019]
Finished job 56.
40 of 104 steps (38%) done
Submitted job 64 with external jobid '147502'.

[Mon Sep  2 14:14:08 2019]
rule bamCompare_log2:
    input: filtered_bam/hippoN_Foxg1KD_H3K27me3_rep2.filtered.bam, filtered_bam/hippoN_Foxg1KD_H3K27me3_rep2.filtered.bam.bai, filtered_bam/hippoN_Foxg1KD_Input_rep2.filtered.bam, filtered_bam/hippoN_Foxg1KD_Input_rep2.filtered.bam.bai
    output: deepTools_ChIP/bamCompare/hippoN_Foxg1KD_H3K27me3_rep2.filtered.log2ratio.over_hippoN_Foxg1KD_Input_rep2.bw
    log: deepTools_ChIP/logs/bamCompare.log2ratio.hippoN_Foxg1KD_H3K27me3_rep2.hippoN_Foxg1KD_Input_rep2.filtered.out, deepTools_ChIP/logs/bamCompare.log2ratio.hippoN_Foxg1KD_H3K27me3_rep2.hippoN_Foxg1KD_Input_rep2.filtered.err
    jobid: 25
    benchmark: deepTools_ChIP/.benchmark/bamCompare.log2ratio.hippoN_Foxg1KD_H3K27me3_rep2.hippoN_Foxg1KD_Input_rep2.filtered.benchmark
    wildcards: chip_sample=hippoN_Foxg1KD_H3K27me3_rep2, control_name=hippoN_Foxg1KD_Input_rep2
    threads: 16

Submitted job 25 with external jobid '147503'.
[Mon Sep  2 14:14:38 2019]
Finished job 42.
41 of 104 steps (39%) done

[Mon Sep  2 14:14:38 2019]
rule bamCompare_subtract:
    input: filtered_bam/hippoN_Foxg1KD_H3K27me3_rep2.filtered.bam, filtered_bam/hippoN_Foxg1KD_H3K27me3_rep2.filtered.bam.bai, filtered_bam/hippoN_Foxg1KD_Input_rep2.filtered.bam, filtered_bam/hippoN_Foxg1KD_Input_rep2.filtered.bam.bai
    output: deepTools_ChIP/bamCompare/hippoN_Foxg1KD_H3K27me3_rep2.filtered.subtract.hippoN_Foxg1KD_Input_rep2.bw
    log: deepTools_ChIP/logs/bamCompare.subtract.hippoN_Foxg1KD_H3K27me3_rep2.filtered.subtract.hippoN_Foxg1KD_Input_rep2.out, deepTools_ChIP/logs/bamCompare.subtract.hippoN_Foxg1KD_H3K27me3_rep2.filtered.subtract.hippoN_Foxg1KD_Input_rep2.err
    jobid: 24
    benchmark: deepTools_ChIP/.benchmark/bamCompare.subtract.hippoN_Foxg1KD_H3K27me3_rep2.filtered.subtract.hippoN_Foxg1KD_Input_rep2.benchmark
    wildcards: chip_sample=hippoN_Foxg1KD_H3K27me3_rep2, control_name=hippoN_Foxg1KD_Input_rep2
    threads: 16

Submitted job 24 with external jobid '147504'.
[Mon Sep  2 14:15:08 2019]
Finished job 64.
42 of 104 steps (40%) done

[Mon Sep  2 14:15:08 2019]
rule MACS2:
    input: filtered_bam/hippoN_Foxg1KD_H3K27me3_rep2.filtered.bam, filtered_bam/hippoN_Foxg1KD_Input_rep2.filtered.bam, deepTools_qc/bamPEFragmentSize/fragmentSize.metric.tsv
    output: MACS2/hippoN_Foxg1KD_H3K27me3_rep2.filtered.BAM_peaks.xls, MACS2/hippoN_Foxg1KD_H3K27me3_rep2.filtered.BAMPE_peaks.xls
    log: MACS2/logs/MACS2.hippoN_Foxg1KD_H3K27me3_rep2.filtered.out, MACS2/logs/MACS2.hippoN_Foxg1KD_H3K27me3_rep2.filtered.err
    jobid: 45
    benchmark: MACS2/.benchmark/MACS2.hippoN_Foxg1KD_H3K27me3_rep2.filtered.benchmark
    wildcards: chip_sample=hippoN_Foxg1KD_H3K27me3_rep2

Submitted job 45 with external jobid '147505'.
[Mon Sep  2 14:17:39 2019]
Finished job 25.
43 of 104 steps (41%) done

[Mon Sep  2 14:17:39 2019]
rule MACS2_peak_qc:
    input: filtered_bam/hippoN_Foxg1KD_H3K4me1_rep1.filtered.bam, MACS2/hippoN_Foxg1KD_H3K4me1_rep1.filtered.BAM_peaks.xls
    output: MACS2/hippoN_Foxg1KD_H3K4me1_rep1.filtered.BAM_peaks.qc.txt
    jobid: 62
    benchmark: MACS2/.benchmark/MACS2_peak_qc.hippoN_Foxg1KD_H3K4me1_rep1.filtered.benchmark
    wildcards: sample=hippoN_Foxg1KD_H3K4me1_rep1

[Mon Sep  2 14:17:39 2019]
Finished job 24.
44 of 104 steps (42%) done
Submitted job 62 with external jobid '147516'.

[Mon Sep  2 14:17:39 2019]
rule histoneHMM:
    input: filtered_bam/hippoN_Foxg1KD_H3K4me1_rep1.filtered.bam
    output: histoneHMM/hippoN_Foxg1KD_H3K4me1_rep1.filtered.histoneHMM-regions.gff, histoneHMM/hippoN_Foxg1KD_H3K4me1_rep1.filtered.histoneHMM-em-posterior.txt, histoneHMM/hippoN_Foxg1KD_H3K4me1_rep1.filtered.histoneHMM.txt
    log: histoneHMM/logs/histoneHMM.hippoN_Foxg1KD_H3K4me1_rep1.filtered.out, histoneHMM/logs/histoneHMM.hippoN_Foxg1KD_H3K4me1_rep1.filtered.err
    jobid: 81
    benchmark: histoneHMM/.benchmark/histoneHMM.hippoN_Foxg1KD_H3K4me1_rep1.filtered.benchmark
    wildcards: sample=hippoN_Foxg1KD_H3K4me1_rep1

Submitted job 81 with external jobid '147517'.
[Mon Sep  2 14:18:19 2019]
Finished job 62.
45 of 104 steps (43%) done

[Mon Sep  2 14:18:19 2019]
rule bamCompare_log2:
    input: filtered_bam/hippoN_Foxg1KD_H3K27ac_rep2.filtered.bam, filtered_bam/hippoN_Foxg1KD_H3K27ac_rep2.filtered.bam.bai, filtered_bam/hippoN_Foxg1KD_Input_rep2.filtered.bam, filtered_bam/hippoN_Foxg1KD_Input_rep2.filtered.bam.bai
    output: deepTools_ChIP/bamCompare/hippoN_Foxg1KD_H3K27ac_rep2.filtered.log2ratio.over_hippoN_Foxg1KD_Input_rep2.bw
    log: deepTools_ChIP/logs/bamCompare.log2ratio.hippoN_Foxg1KD_H3K27ac_rep2.hippoN_Foxg1KD_Input_rep2.filtered.out, deepTools_ChIP/logs/bamCompare.log2ratio.hippoN_Foxg1KD_H3K27ac_rep2.hippoN_Foxg1KD_Input_rep2.filtered.err
    jobid: 21
    benchmark: deepTools_ChIP/.benchmark/bamCompare.log2ratio.hippoN_Foxg1KD_H3K27ac_rep2.hippoN_Foxg1KD_Input_rep2.filtered.benchmark
    wildcards: chip_sample=hippoN_Foxg1KD_H3K27ac_rep2, control_name=hippoN_Foxg1KD_Input_rep2
    threads: 16

Submitted job 21 with external jobid '147519'.
[Mon Sep  2 14:20:49 2019]
Finished job 35.
46 of 104 steps (44%) done

[Mon Sep  2 14:20:49 2019]
rule bamCompare_subtract:
    input: filtered_bam/hippoN_Foxg1KD_H3K27ac_rep2.filtered.bam, filtered_bam/hippoN_Foxg1KD_H3K27ac_rep2.filtered.bam.bai, filtered_bam/hippoN_Foxg1KD_Input_rep2.filtered.bam, filtered_bam/hippoN_Foxg1KD_Input_rep2.filtered.bam.bai
    output: deepTools_ChIP/bamCompare/hippoN_Foxg1KD_H3K27ac_rep2.filtered.subtract.hippoN_Foxg1KD_Input_rep2.bw
    log: deepTools_ChIP/logs/bamCompare.subtract.hippoN_Foxg1KD_H3K27ac_rep2.filtered.subtract.hippoN_Foxg1KD_Input_rep2.out, deepTools_ChIP/logs/bamCompare.subtract.hippoN_Foxg1KD_H3K27ac_rep2.filtered.subtract.hippoN_Foxg1KD_Input_rep2.err
    jobid: 20
    benchmark: deepTools_ChIP/.benchmark/bamCompare.subtract.hippoN_Foxg1KD_H3K27ac_rep2.filtered.subtract.hippoN_Foxg1KD_Input_rep2.benchmark
    wildcards: chip_sample=hippoN_Foxg1KD_H3K27ac_rep2, control_name=hippoN_Foxg1KD_Input_rep2
    threads: 16

Submitted job 20 with external jobid '147538'.
[Mon Sep  2 14:21:49 2019]
Finished job 21.
47 of 104 steps (45%) done

[Mon Sep  2 14:21:49 2019]
rule MACS2:
    input: filtered_bam/hippoN_Foxg1KD_H3K27ac_rep2.filtered.bam, filtered_bam/hippoN_Foxg1KD_Input_rep2.filtered.bam, deepTools_qc/bamPEFragmentSize/fragmentSize.metric.tsv
    output: MACS2/hippoN_Foxg1KD_H3K27ac_rep2.filtered.BAM_peaks.xls, MACS2/hippoN_Foxg1KD_H3K27ac_rep2.filtered.BAMPE_peaks.xls
    log: MACS2/logs/MACS2.hippoN_Foxg1KD_H3K27ac_rep2.filtered.out, MACS2/logs/MACS2.hippoN_Foxg1KD_H3K27ac_rep2.filtered.err
    jobid: 43
    benchmark: MACS2/.benchmark/MACS2.hippoN_Foxg1KD_H3K27ac_rep2.filtered.benchmark
    wildcards: chip_sample=hippoN_Foxg1KD_H3K27ac_rep2

Submitted job 43 with external jobid '147544'.
[Mon Sep  2 14:22:19 2019]
Finished job 45.
48 of 104 steps (46%) done

[Mon Sep  2 14:22:19 2019]
rule bamCompare_log2:
    input: filtered_bam/hippoN_Ctr_H3K27me3_rep2.filtered.bam, filtered_bam/hippoN_Ctr_H3K27me3_rep2.filtered.bam.bai, filtered_bam/hippoN_Ctr_Input_rep2.filtered.bam, filtered_bam/hippoN_Ctr_Input_rep2.filtered.bam.bai
    output: deepTools_ChIP/bamCompare/hippoN_Ctr_H3K27me3_rep2.filtered.log2ratio.over_hippoN_Ctr_Input_rep2.bw
    log: deepTools_ChIP/logs/bamCompare.log2ratio.hippoN_Ctr_H3K27me3_rep2.hippoN_Ctr_Input_rep2.filtered.out, deepTools_ChIP/logs/bamCompare.log2ratio.hippoN_Ctr_H3K27me3_rep2.hippoN_Ctr_Input_rep2.filtered.err
    jobid: 9
    benchmark: deepTools_ChIP/.benchmark/bamCompare.log2ratio.hippoN_Ctr_H3K27me3_rep2.hippoN_Ctr_Input_rep2.filtered.benchmark
    wildcards: chip_sample=hippoN_Ctr_H3K27me3_rep2, control_name=hippoN_Ctr_Input_rep2
    threads: 16

Submitted job 9 with external jobid '147549'.
[Mon Sep  2 14:24:20 2019]
Finished job 20.
49 of 104 steps (47%) done

[Mon Sep  2 14:24:20 2019]
rule bamCompare_subtract:
    input: filtered_bam/hippoN_Ctr_H3K27me3_rep2.filtered.bam, filtered_bam/hippoN_Ctr_H3K27me3_rep2.filtered.bam.bai, filtered_bam/hippoN_Ctr_Input_rep2.filtered.bam, filtered_bam/hippoN_Ctr_Input_rep2.filtered.bam.bai
    output: deepTools_ChIP/bamCompare/hippoN_Ctr_H3K27me3_rep2.filtered.subtract.hippoN_Ctr_Input_rep2.bw
    log: deepTools_ChIP/logs/bamCompare.subtract.hippoN_Ctr_H3K27me3_rep2.filtered.subtract.hippoN_Ctr_Input_rep2.out, deepTools_ChIP/logs/bamCompare.subtract.hippoN_Ctr_H3K27me3_rep2.filtered.subtract.hippoN_Ctr_Input_rep2.err
    jobid: 8
    benchmark: deepTools_ChIP/.benchmark/bamCompare.subtract.hippoN_Ctr_H3K27me3_rep2.filtered.subtract.hippoN_Ctr_Input_rep2.benchmark
    wildcards: chip_sample=hippoN_Ctr_H3K27me3_rep2, control_name=hippoN_Ctr_Input_rep2
    threads: 16

Submitted job 8 with external jobid '147560'.
[Mon Sep  2 14:25:50 2019]
Finished job 9.
50 of 104 steps (48%) done

[Mon Sep  2 14:25:50 2019]
rule MACS2:
    input: filtered_bam/hippoN_Ctr_H3K27me3_rep2.filtered.bam, filtered_bam/hippoN_Ctr_Input_rep2.filtered.bam, deepTools_qc/bamPEFragmentSize/fragmentSize.metric.tsv
    output: MACS2/hippoN_Ctr_H3K27me3_rep2.filtered.BAM_peaks.xls, MACS2/hippoN_Ctr_H3K27me3_rep2.filtered.BAMPE_peaks.xls
    log: MACS2/logs/MACS2.hippoN_Ctr_H3K27me3_rep2.filtered.out, MACS2/logs/MACS2.hippoN_Ctr_H3K27me3_rep2.filtered.err
    jobid: 37
    benchmark: MACS2/.benchmark/MACS2.hippoN_Ctr_H3K27me3_rep2.filtered.benchmark
    wildcards: chip_sample=hippoN_Ctr_H3K27me3_rep2

Submitted job 37 with external jobid '147568'.
[Mon Sep  2 14:27:50 2019]
Finished job 8.
51 of 104 steps (49%) done

[Mon Sep  2 14:27:50 2019]
rule MACS2_peak_qc:
    input: filtered_bam/hippoN_Foxg1KD_H3K4me3_rep2.filtered.bam, MACS2/hippoN_Foxg1KD_H3K4me3_rep2.filtered.BAM_peaks.xls
    output: MACS2/hippoN_Foxg1KD_H3K4me3_rep2.filtered.BAM_peaks.qc.txt
    jobid: 65
    benchmark: MACS2/.benchmark/MACS2_peak_qc.hippoN_Foxg1KD_H3K4me3_rep2.filtered.benchmark
    wildcards: sample=hippoN_Foxg1KD_H3K4me3_rep2

Submitted job 65 with external jobid '147574'.
[Mon Sep  2 14:28:50 2019]
Finished job 65.
52 of 104 steps (50%) done

[Mon Sep  2 14:28:50 2019]
rule MACS2_peak_qc:
    input: filtered_bam/hippoN_Foxg1KD_H3K4me1_rep2.filtered.bam, MACS2/hippoN_Foxg1KD_H3K4me1_rep2.filtered.BAM_peaks.xls
    output: MACS2/hippoN_Foxg1KD_H3K4me1_rep2.filtered.BAM_peaks.qc.txt
    jobid: 63
    benchmark: MACS2/.benchmark/MACS2_peak_qc.hippoN_Foxg1KD_H3K4me1_rep2.filtered.benchmark
    wildcards: sample=hippoN_Foxg1KD_H3K4me1_rep2

Submitted job 63 with external jobid '147578'.
[Mon Sep  2 14:29:51 2019]
Finished job 43.
53 of 104 steps (51%) done

[Mon Sep  2 14:29:51 2019]
rule histoneHMM:
    input: filtered_bam/hippoN_Foxg1KD_H3K4me1_rep2.filtered.bam
    output: histoneHMM/hippoN_Foxg1KD_H3K4me1_rep2.filtered.histoneHMM-regions.gff, histoneHMM/hippoN_Foxg1KD_H3K4me1_rep2.filtered.histoneHMM-em-posterior.txt, histoneHMM/hippoN_Foxg1KD_H3K4me1_rep2.filtered.histoneHMM.txt
    log: histoneHMM/logs/histoneHMM.hippoN_Foxg1KD_H3K4me1_rep2.filtered.out, histoneHMM/logs/histoneHMM.hippoN_Foxg1KD_H3K4me1_rep2.filtered.err
    jobid: 82
    benchmark: histoneHMM/.benchmark/histoneHMM.hippoN_Foxg1KD_H3K4me1_rep2.filtered.benchmark
    wildcards: sample=hippoN_Foxg1KD_H3K4me1_rep2

[Mon Sep  2 14:29:51 2019]
Finished job 63.
54 of 104 steps (52%) done
Submitted job 82 with external jobid '147582'.

[Mon Sep  2 14:29:51 2019]
rule MACS2_peak_qc:
    input: filtered_bam/hippoN_Ctr_H3K27ac_rep1.filtered.bam, MACS2/hippoN_Ctr_H3K27ac_rep1.filtered.BAM_peaks.xls
    output: MACS2/hippoN_Ctr_H3K27ac_rep1.filtered.BAM_peaks.qc.txt
    jobid: 50
    benchmark: MACS2/.benchmark/MACS2_peak_qc.hippoN_Ctr_H3K27ac_rep1.filtered.benchmark
    wildcards: sample=hippoN_Ctr_H3K27ac_rep1

Submitted job 50 with external jobid '147583'.
[Mon Sep  2 14:30:51 2019]
Finished job 50.
55 of 104 steps (53%) done

[Mon Sep  2 14:30:51 2019]
rule MACS2_peak_qc:
    input: filtered_bam/hippoN_Ctr_H3K4me3_rep2.filtered.bam, MACS2/hippoN_Ctr_H3K4me3_rep2.filtered.BAM_peaks.xls
    output: MACS2/hippoN_Ctr_H3K4me3_rep2.filtered.BAM_peaks.qc.txt
    jobid: 57
    benchmark: MACS2/.benchmark/MACS2_peak_qc.hippoN_Ctr_H3K4me3_rep2.filtered.benchmark
    wildcards: sample=hippoN_Ctr_H3K4me3_rep2

Submitted job 57 with external jobid '147589'.
[Mon Sep  2 14:31:51 2019]
Finished job 57.
56 of 104 steps (54%) done

[Mon Sep  2 14:31:51 2019]
rule MACS2_peak_qc:
    input: filtered_bam/hippoN_Ctr_H3K4me1_rep2.filtered.bam, MACS2/hippoN_Ctr_H3K4me1_rep2.filtered.BAM_peaks.xls
    output: MACS2/hippoN_Ctr_H3K4me1_rep2.filtered.BAM_peaks.qc.txt
    jobid: 55
    benchmark: MACS2/.benchmark/MACS2_peak_qc.hippoN_Ctr_H3K4me1_rep2.filtered.benchmark
    wildcards: sample=hippoN_Ctr_H3K4me1_rep2

Submitted job 55 with external jobid '147591'.
[Mon Sep  2 14:32:51 2019]
Finished job 55.
57 of 104 steps (55%) done

[Mon Sep  2 14:32:51 2019]
rule histoneHMM:
    input: filtered_bam/hippoN_Ctr_H3K4me1_rep2.filtered.bam
    output: histoneHMM/hippoN_Ctr_H3K4me1_rep2.filtered.histoneHMM-regions.gff, histoneHMM/hippoN_Ctr_H3K4me1_rep2.filtered.histoneHMM-em-posterior.txt, histoneHMM/hippoN_Ctr_H3K4me1_rep2.filtered.histoneHMM.txt
    log: histoneHMM/logs/histoneHMM.hippoN_Ctr_H3K4me1_rep2.filtered.out, histoneHMM/logs/histoneHMM.hippoN_Ctr_H3K4me1_rep2.filtered.err
    jobid: 78
    benchmark: histoneHMM/.benchmark/histoneHMM.hippoN_Ctr_H3K4me1_rep2.filtered.benchmark
    wildcards: sample=hippoN_Ctr_H3K4me1_rep2

Submitted job 78 with external jobid '147594'.
[Mon Sep  2 14:33:21 2019]
Finished job 37.
58 of 104 steps (56%) done

[Mon Sep  2 14:33:21 2019]
rule MACS2_peak_qc:
    input: filtered_bam/hippoN_Foxg1KD_H3K27me3_rep1.filtered.bam, MACS2/hippoN_Foxg1KD_H3K27me3_rep1.filtered.BAM_peaks.xls
    output: MACS2/hippoN_Foxg1KD_H3K27me3_rep1.filtered.BAM_peaks.qc.txt
    jobid: 60
    benchmark: MACS2/.benchmark/MACS2_peak_qc.hippoN_Foxg1KD_H3K27me3_rep1.filtered.benchmark
    wildcards: sample=hippoN_Foxg1KD_H3K27me3_rep1

Submitted job 60 with external jobid '147595'.
[Mon Sep  2 14:33:52 2019]
Finished job 60.
59 of 104 steps (57%) done

[Mon Sep  2 14:33:52 2019]
rule histoneHMM:
    input: filtered_bam/hippoN_Foxg1KD_H3K27me3_rep1.filtered.bam
    output: histoneHMM/hippoN_Foxg1KD_H3K27me3_rep1.filtered.histoneHMM-regions.gff, histoneHMM/hippoN_Foxg1KD_H3K27me3_rep1.filtered.histoneHMM-em-posterior.txt, histoneHMM/hippoN_Foxg1KD_H3K27me3_rep1.filtered.histoneHMM.txt
    log: histoneHMM/logs/histoneHMM.hippoN_Foxg1KD_H3K27me3_rep1.filtered.out, histoneHMM/logs/histoneHMM.hippoN_Foxg1KD_H3K27me3_rep1.filtered.err
    jobid: 79
    benchmark: histoneHMM/.benchmark/histoneHMM.hippoN_Foxg1KD_H3K27me3_rep1.filtered.benchmark
    wildcards: sample=hippoN_Foxg1KD_H3K27me3_rep1

Submitted job 79 with external jobid '147598'.
[Mon Sep  2 14:50:23 2019]
Finished job 81.
60 of 104 steps (58%) done

[Mon Sep  2 14:50:23 2019]
rule histoneHMM_out_gz:
    input: histoneHMM/hippoN_Foxg1KD_H3K4me1_rep1.filtered.histoneHMM-regions.gff, histoneHMM/hippoN_Foxg1KD_H3K4me1_rep1.filtered.histoneHMM-em-posterior.txt, histoneHMM/hippoN_Foxg1KD_H3K4me1_rep1.filtered.histoneHMM.txt
    output: histoneHMM/hippoN_Foxg1KD_H3K4me1_rep1.filtered.histoneHMM-regions.gff.gz, histoneHMM/hippoN_Foxg1KD_H3K4me1_rep1.filtered.histoneHMM-em-posterior.txt.gz, histoneHMM/hippoN_Foxg1KD_H3K4me1_rep1.filtered.histoneHMM.txt.gz
    log: histoneHMM/logs/histoneHMM_out_gz.hippoN_Foxg1KD_H3K4me1_rep1.filtered.out, histoneHMM/logs/histoneHMM_out_gz.hippoN_Foxg1KD_H3K4me1_rep1.filtered.err
    jobid: 72
    benchmark: histoneHMM/.benchmark/histoneHMM_out_gz.hippoN_Foxg1KD_H3K4me1_rep1.filtered.benchmark
    wildcards: sample=hippoN_Foxg1KD_H3K4me1_rep1
    threads: 2

Submitted job 72 with external jobid '147651'.
Removing temporary output file histoneHMM/hippoN_Foxg1KD_H3K4me1_rep1.filtered.histoneHMM-regions.gff.
[Mon Sep  2 14:51:23 2019]
Finished job 72.
61 of 104 steps (59%) done

[Mon Sep  2 14:51:23 2019]
rule MACS2_peak_qc:
    input: filtered_bam/hippoN_Ctr_H3K27ac_rep2.filtered.bam, MACS2/hippoN_Ctr_H3K27ac_rep2.filtered.BAM_peaks.xls
    output: MACS2/hippoN_Ctr_H3K27ac_rep2.filtered.BAM_peaks.qc.txt
    jobid: 51
    benchmark: MACS2/.benchmark/MACS2_peak_qc.hippoN_Ctr_H3K27ac_rep2.filtered.benchmark
    wildcards: sample=hippoN_Ctr_H3K27ac_rep2

Submitted job 51 with external jobid '147661'.
[Mon Sep  2 14:52:23 2019]
Finished job 51.
62 of 104 steps (60%) done

[Mon Sep  2 14:52:23 2019]
rule MACS2_peak_qc:
    input: filtered_bam/hippoN_Ctr_H3K27me3_rep1.filtered.bam, MACS2/hippoN_Ctr_H3K27me3_rep1.filtered.BAM_peaks.xls
    output: MACS2/hippoN_Ctr_H3K27me3_rep1.filtered.BAM_peaks.qc.txt
    jobid: 52
    benchmark: MACS2/.benchmark/MACS2_peak_qc.hippoN_Ctr_H3K27me3_rep1.filtered.benchmark
    wildcards: sample=hippoN_Ctr_H3K27me3_rep1

Submitted job 52 with external jobid '147666'.
[Mon Sep  2 14:52:53 2019]
Finished job 79.
63 of 104 steps (61%) done

[Mon Sep  2 14:52:53 2019]
rule histoneHMM_out_gz:
    input: histoneHMM/hippoN_Foxg1KD_H3K27me3_rep1.filtered.histoneHMM-regions.gff, histoneHMM/hippoN_Foxg1KD_H3K27me3_rep1.filtered.histoneHMM-em-posterior.txt, histoneHMM/hippoN_Foxg1KD_H3K27me3_rep1.filtered.histoneHMM.txt
    output: histoneHMM/hippoN_Foxg1KD_H3K27me3_rep1.filtered.histoneHMM-regions.gff.gz, histoneHMM/hippoN_Foxg1KD_H3K27me3_rep1.filtered.histoneHMM-em-posterior.txt.gz, histoneHMM/hippoN_Foxg1KD_H3K27me3_rep1.filtered.histoneHMM.txt.gz
    log: histoneHMM/logs/histoneHMM_out_gz.hippoN_Foxg1KD_H3K27me3_rep1.filtered.out, histoneHMM/logs/histoneHMM_out_gz.hippoN_Foxg1KD_H3K27me3_rep1.filtered.err
    jobid: 70
    benchmark: histoneHMM/.benchmark/histoneHMM_out_gz.hippoN_Foxg1KD_H3K27me3_rep1.filtered.benchmark
    wildcards: sample=hippoN_Foxg1KD_H3K27me3_rep1
    threads: 2

[Mon Sep  2 14:52:53 2019]
Finished job 52.
64 of 104 steps (62%) done
Submitted job 70 with external jobid '147671'.

[Mon Sep  2 14:52:54 2019]
rule histoneHMM:
    input: filtered_bam/hippoN_Ctr_H3K27me3_rep1.filtered.bam
    output: histoneHMM/hippoN_Ctr_H3K27me3_rep1.filtered.histoneHMM-regions.gff, histoneHMM/hippoN_Ctr_H3K27me3_rep1.filtered.histoneHMM-em-posterior.txt, histoneHMM/hippoN_Ctr_H3K27me3_rep1.filtered.histoneHMM.txt
    log: histoneHMM/logs/histoneHMM.hippoN_Ctr_H3K27me3_rep1.filtered.out, histoneHMM/logs/histoneHMM.hippoN_Ctr_H3K27me3_rep1.filtered.err
    jobid: 75
    benchmark: histoneHMM/.benchmark/histoneHMM.hippoN_Ctr_H3K27me3_rep1.filtered.benchmark
    wildcards: sample=hippoN_Ctr_H3K27me3_rep1

Submitted job 75 with external jobid '147672'.
Removing temporary output file histoneHMM/hippoN_Foxg1KD_H3K27me3_rep1.filtered.histoneHMM-regions.gff.
[Mon Sep  2 14:53:54 2019]
Finished job 70.
65 of 104 steps (62%) done

[Mon Sep  2 14:53:54 2019]
rule MACS2_peak_qc:
    input: filtered_bam/hippoN_Foxg1KD_H3K27ac_rep1.filtered.bam, MACS2/hippoN_Foxg1KD_H3K27ac_rep1.filtered.BAM_peaks.xls
    output: MACS2/hippoN_Foxg1KD_H3K27ac_rep1.filtered.BAM_peaks.qc.txt
    jobid: 58
    benchmark: MACS2/.benchmark/MACS2_peak_qc.hippoN_Foxg1KD_H3K27ac_rep1.filtered.benchmark
    wildcards: sample=hippoN_Foxg1KD_H3K27ac_rep1

Submitted job 58 with external jobid '147686'.
[Mon Sep  2 14:54:54 2019]
Finished job 58.
66 of 104 steps (63%) done

[Mon Sep  2 14:54:54 2019]
rule MACS2_peak_qc:
    input: filtered_bam/hippoN_Foxg1KD_H3K27me3_rep2.filtered.bam, MACS2/hippoN_Foxg1KD_H3K27me3_rep2.filtered.BAM_peaks.xls
    output: MACS2/hippoN_Foxg1KD_H3K27me3_rep2.filtered.BAM_peaks.qc.txt
    jobid: 61
    benchmark: MACS2/.benchmark/MACS2_peak_qc.hippoN_Foxg1KD_H3K27me3_rep2.filtered.benchmark
    wildcards: sample=hippoN_Foxg1KD_H3K27me3_rep2

Submitted job 61 with external jobid '147688'.
[Mon Sep  2 14:55:24 2019]
Finished job 61.
67 of 104 steps (64%) done

[Mon Sep  2 14:55:24 2019]
rule histoneHMM:
    input: filtered_bam/hippoN_Foxg1KD_H3K27me3_rep2.filtered.bam
    output: histoneHMM/hippoN_Foxg1KD_H3K27me3_rep2.filtered.histoneHMM-regions.gff, histoneHMM/hippoN_Foxg1KD_H3K27me3_rep2.filtered.histoneHMM-em-posterior.txt, histoneHMM/hippoN_Foxg1KD_H3K27me3_rep2.filtered.histoneHMM.txt
    log: histoneHMM/logs/histoneHMM.hippoN_Foxg1KD_H3K27me3_rep2.filtered.out, histoneHMM/logs/histoneHMM.hippoN_Foxg1KD_H3K27me3_rep2.filtered.err
    jobid: 80
    benchmark: histoneHMM/.benchmark/histoneHMM.hippoN_Foxg1KD_H3K27me3_rep2.filtered.benchmark
    wildcards: sample=hippoN_Foxg1KD_H3K27me3_rep2

Submitted job 80 with external jobid '147689'.
[Mon Sep  2 15:03:25 2019]
Finished job 77.
68 of 104 steps (65%) done

[Mon Sep  2 15:03:25 2019]
rule histoneHMM_out_gz:
    input: histoneHMM/hippoN_Ctr_H3K4me1_rep1.filtered.histoneHMM-regions.gff, histoneHMM/hippoN_Ctr_H3K4me1_rep1.filtered.histoneHMM-em-posterior.txt, histoneHMM/hippoN_Ctr_H3K4me1_rep1.filtered.histoneHMM.txt
    output: histoneHMM/hippoN_Ctr_H3K4me1_rep1.filtered.histoneHMM-regions.gff.gz, histoneHMM/hippoN_Ctr_H3K4me1_rep1.filtered.histoneHMM-em-posterior.txt.gz, histoneHMM/hippoN_Ctr_H3K4me1_rep1.filtered.histoneHMM.txt.gz
    log: histoneHMM/logs/histoneHMM_out_gz.hippoN_Ctr_H3K4me1_rep1.filtered.out, histoneHMM/logs/histoneHMM_out_gz.hippoN_Ctr_H3K4me1_rep1.filtered.err
    jobid: 68
    benchmark: histoneHMM/.benchmark/histoneHMM_out_gz.hippoN_Ctr_H3K4me1_rep1.filtered.benchmark
    wildcards: sample=hippoN_Ctr_H3K4me1_rep1
    threads: 2

Submitted job 68 with external jobid '147753'.
Removing temporary output file histoneHMM/hippoN_Ctr_H3K4me1_rep1.filtered.histoneHMM-regions.gff.
[Mon Sep  2 15:04:25 2019]
Finished job 68.
69 of 104 steps (66%) done

[Mon Sep  2 15:04:25 2019]
rule MACS2_peak_qc:
    input: filtered_bam/hippoN_Foxg1KD_H3K27ac_rep2.filtered.bam, MACS2/hippoN_Foxg1KD_H3K27ac_rep2.filtered.BAM_peaks.xls
    output: MACS2/hippoN_Foxg1KD_H3K27ac_rep2.filtered.BAM_peaks.qc.txt
    jobid: 59
    benchmark: MACS2/.benchmark/MACS2_peak_qc.hippoN_Foxg1KD_H3K27ac_rep2.filtered.benchmark
    wildcards: sample=hippoN_Foxg1KD_H3K27ac_rep2

Submitted job 59 with external jobid '147758'.
[Mon Sep  2 15:04:55 2019]
Finished job 59.
70 of 104 steps (67%) done

[Mon Sep  2 15:04:55 2019]
rule MACS2_peak_qc:
    input: filtered_bam/hippoN_Ctr_H3K27me3_rep2.filtered.bam, MACS2/hippoN_Ctr_H3K27me3_rep2.filtered.BAM_peaks.xls
    output: MACS2/hippoN_Ctr_H3K27me3_rep2.filtered.BAM_peaks.qc.txt
    jobid: 53
    benchmark: MACS2/.benchmark/MACS2_peak_qc.hippoN_Ctr_H3K27me3_rep2.filtered.benchmark
    wildcards: sample=hippoN_Ctr_H3K27me3_rep2

Submitted job 53 with external jobid '147764'.
[Mon Sep  2 15:05:25 2019]
Finished job 53.
71 of 104 steps (68%) done

[Mon Sep  2 15:05:25 2019]
rule histoneHMM:
    input: filtered_bam/hippoN_Ctr_H3K27me3_rep2.filtered.bam
    output: histoneHMM/hippoN_Ctr_H3K27me3_rep2.filtered.histoneHMM-regions.gff, histoneHMM/hippoN_Ctr_H3K27me3_rep2.filtered.histoneHMM-em-posterior.txt, histoneHMM/hippoN_Ctr_H3K27me3_rep2.filtered.histoneHMM.txt
    log: histoneHMM/logs/histoneHMM.hippoN_Ctr_H3K27me3_rep2.filtered.out, histoneHMM/logs/histoneHMM.hippoN_Ctr_H3K27me3_rep2.filtered.err
    jobid: 76
    benchmark: histoneHMM/.benchmark/histoneHMM.hippoN_Ctr_H3K27me3_rep2.filtered.benchmark
    wildcards: sample=hippoN_Ctr_H3K27me3_rep2

Submitted job 76 with external jobid '147771'.
[Mon Sep  2 15:14:26 2019]
Finished job 75.
72 of 104 steps (69%) done

[Mon Sep  2 15:14:26 2019]
rule histoneHMM_out_gz:
    input: histoneHMM/hippoN_Ctr_H3K27me3_rep1.filtered.histoneHMM-regions.gff, histoneHMM/hippoN_Ctr_H3K27me3_rep1.filtered.histoneHMM-em-posterior.txt, histoneHMM/hippoN_Ctr_H3K27me3_rep1.filtered.histoneHMM.txt
    output: histoneHMM/hippoN_Ctr_H3K27me3_rep1.filtered.histoneHMM-regions.gff.gz, histoneHMM/hippoN_Ctr_H3K27me3_rep1.filtered.histoneHMM-em-posterior.txt.gz, histoneHMM/hippoN_Ctr_H3K27me3_rep1.filtered.histoneHMM.txt.gz
    log: histoneHMM/logs/histoneHMM_out_gz.hippoN_Ctr_H3K27me3_rep1.filtered.out, histoneHMM/logs/histoneHMM_out_gz.hippoN_Ctr_H3K27me3_rep1.filtered.err
    jobid: 66
    benchmark: histoneHMM/.benchmark/histoneHMM_out_gz.hippoN_Ctr_H3K27me3_rep1.filtered.benchmark
    wildcards: sample=hippoN_Ctr_H3K27me3_rep1
    threads: 2

Submitted job 66 with external jobid '147821'.
Removing temporary output file histoneHMM/hippoN_Ctr_H3K27me3_rep1.filtered.histoneHMM-regions.gff.
[Mon Sep  2 15:15:26 2019]
Finished job 66.
73 of 104 steps (70%) done

[Mon Sep  2 15:15:26 2019]
rule convert_flagstat_output:
    input: Sambamba/hippoN_Foxg1KD_H3K4me1_rep2.markdup.txt
    output: Sambamba/hippoN_Foxg1KD_H3K4me1_rep2.dup.converted.tsv
    jobid: 99
    wildcards: sample=hippoN_Foxg1KD_H3K4me1_rep2

Submitted job 99 with external jobid '147825'.
Waiting at most 300 seconds for missing files.
[Mon Sep  2 15:16:26 2019]
Finished job 99.
74 of 104 steps (71%) done

[Mon Sep  2 15:16:26 2019]
rule convert_flagstat_output:
    input: Sambamba/hippoN_Foxg1KD_H3K4me1_rep1.markdup.txt
    output: Sambamba/hippoN_Foxg1KD_H3K4me1_rep1.dup.converted.tsv
    jobid: 98
    wildcards: sample=hippoN_Foxg1KD_H3K4me1_rep1

Submitted job 98 with external jobid '147830'.
Waiting at most 300 seconds for missing files.
[Mon Sep  2 15:16:57 2019]
Finished job 98.
75 of 104 steps (72%) done

[Mon Sep  2 15:16:57 2019]
rule convert_flagstat_output:
    input: Sambamba/hippoN_Foxg1KD_H3K27ac_rep1.markdup.txt
    output: Sambamba/hippoN_Foxg1KD_H3K27ac_rep1.dup.converted.tsv
    jobid: 94
    wildcards: sample=hippoN_Foxg1KD_H3K27ac_rep1

Submitted job 94 with external jobid '147834'.
Waiting at most 300 seconds for missing files.
[Mon Sep  2 15:17:27 2019]
Finished job 94.
76 of 104 steps (73%) done

[Mon Sep  2 15:17:27 2019]
rule convert_flagstat_output:
    input: Sambamba/hippoN_Foxg1KD_H3K27ac_rep2.markdup.txt
    output: Sambamba/hippoN_Foxg1KD_H3K27ac_rep2.dup.converted.tsv
    jobid: 95
    wildcards: sample=hippoN_Foxg1KD_H3K27ac_rep2

Submitted job 95 with external jobid '147840'.
Waiting at most 300 seconds for missing files.
[Mon Sep  2 15:17:57 2019]
Finished job 95.
77 of 104 steps (74%) done

[Mon Sep  2 15:17:57 2019]
rule convert_flagstat_output:
    input: Sambamba/hippoN_Ctr_H3K27ac_rep1.markdup.txt
    output: Sambamba/hippoN_Ctr_H3K27ac_rep1.dup.converted.tsv
    jobid: 84
    wildcards: sample=hippoN_Ctr_H3K27ac_rep1

Submitted job 84 with external jobid '147844'.
Waiting at most 300 seconds for missing files.
[Mon Sep  2 15:18:27 2019]
Finished job 84.
78 of 104 steps (75%) done

[Mon Sep  2 15:18:27 2019]
rule convert_flagstat_output:
    input: Sambamba/hippoN_Ctr_H3K4me1_rep2.markdup.txt
    output: Sambamba/hippoN_Ctr_H3K4me1_rep2.dup.converted.tsv
    jobid: 89
    wildcards: sample=hippoN_Ctr_H3K4me1_rep2

Submitted job 89 with external jobid '147848'.
Waiting at most 300 seconds for missing files.
[Mon Sep  2 15:18:57 2019]
Finished job 89.
79 of 104 steps (76%) done

[Mon Sep  2 15:18:57 2019]
rule convert_flagstat_output:
    input: Sambamba/hippoN_Ctr_H3K4me1_rep1.markdup.txt
    output: Sambamba/hippoN_Ctr_H3K4me1_rep1.dup.converted.tsv
    jobid: 88
    wildcards: sample=hippoN_Ctr_H3K4me1_rep1

Submitted job 88 with external jobid '147852'.
Waiting at most 300 seconds for missing files.
[Mon Sep  2 15:19:27 2019]
Finished job 88.
80 of 104 steps (77%) done

[Mon Sep  2 15:19:27 2019]
rule convert_flagstat_output:
    input: Sambamba/hippoN_Foxg1KD_H3K4me3_rep2.markdup.txt
    output: Sambamba/hippoN_Foxg1KD_H3K4me3_rep2.dup.converted.tsv
    jobid: 101
    wildcards: sample=hippoN_Foxg1KD_H3K4me3_rep2

Submitted job 101 with external jobid '147856'.
Waiting at most 300 seconds for missing files.
[Mon Sep  2 15:19:57 2019]
Finished job 101.
81 of 104 steps (78%) done

[Mon Sep  2 15:19:57 2019]
rule convert_flagstat_output:
    input: Sambamba/hippoN_Foxg1KD_H3K4me3_rep1.markdup.txt
    output: Sambamba/hippoN_Foxg1KD_H3K4me3_rep1.dup.converted.tsv
    jobid: 100
    wildcards: sample=hippoN_Foxg1KD_H3K4me3_rep1

Submitted job 100 with external jobid '147861'.
Waiting at most 300 seconds for missing files.
[Mon Sep  2 15:20:28 2019]
Finished job 100.
82 of 104 steps (79%) done

[Mon Sep  2 15:20:28 2019]
rule convert_flagstat_output:
    input: Sambamba/hippoN_Ctr_H3K4me3_rep1.markdup.txt
    output: Sambamba/hippoN_Ctr_H3K4me3_rep1.dup.converted.tsv
    jobid: 90
    wildcards: sample=hippoN_Ctr_H3K4me3_rep1

Submitted job 90 with external jobid '147866'.
Waiting at most 300 seconds for missing files.
[Mon Sep  2 15:20:58 2019]
Finished job 90.
83 of 104 steps (80%) done

[Mon Sep  2 15:20:58 2019]
rule convert_flagstat_output:
    input: Sambamba/hippoN_Ctr_H3K4me3_rep2.markdup.txt
    output: Sambamba/hippoN_Ctr_H3K4me3_rep2.dup.converted.tsv
    jobid: 91
    wildcards: sample=hippoN_Ctr_H3K4me3_rep2

Submitted job 91 with external jobid '147872'.
Waiting at most 300 seconds for missing files.
[Mon Sep  2 15:21:28 2019]
Finished job 91.
84 of 104 steps (81%) done

[Mon Sep  2 15:21:28 2019]
rule convert_flagstat_output:
    input: Sambamba/hippoN_Ctr_H3K27ac_rep2.markdup.txt
    output: Sambamba/hippoN_Ctr_H3K27ac_rep2.dup.converted.tsv
    jobid: 85
    wildcards: sample=hippoN_Ctr_H3K27ac_rep2

Submitted job 85 with external jobid '147880'.
Waiting at most 300 seconds for missing files.
[Mon Sep  2 15:21:58 2019]
Finished job 85.
85 of 104 steps (82%) done

[Mon Sep  2 15:21:58 2019]
rule convert_flagstat_output:
    input: Sambamba/hippoN_Foxg1KD_Input_rep1.markdup.txt
    output: Sambamba/hippoN_Foxg1KD_Input_rep1.dup.converted.tsv
    jobid: 102
    wildcards: sample=hippoN_Foxg1KD_Input_rep1

Submitted job 102 with external jobid '147886'.
Waiting at most 300 seconds for missing files.
[Mon Sep  2 15:22:28 2019]
Finished job 102.
86 of 104 steps (83%) done

[Mon Sep  2 15:22:28 2019]
rule convert_flagstat_output:
    input: Sambamba/hippoN_Foxg1KD_H3K27me3_rep2.markdup.txt
    output: Sambamba/hippoN_Foxg1KD_H3K27me3_rep2.dup.converted.tsv
    jobid: 97
    wildcards: sample=hippoN_Foxg1KD_H3K27me3_rep2

Submitted job 97 with external jobid '147892'.
Waiting at most 300 seconds for missing files.
[Mon Sep  2 15:22:58 2019]
Finished job 97.
87 of 104 steps (84%) done

[Mon Sep  2 15:22:58 2019]
rule convert_flagstat_output:
    input: Sambamba/hippoN_Foxg1KD_Input_rep2.markdup.txt
    output: Sambamba/hippoN_Foxg1KD_Input_rep2.dup.converted.tsv
    jobid: 103
    wildcards: sample=hippoN_Foxg1KD_Input_rep2

Submitted job 103 with external jobid '147898'.
Waiting at most 300 seconds for missing files.
[Mon Sep  2 15:23:28 2019]
Finished job 103.
88 of 104 steps (85%) done

[Mon Sep  2 15:23:28 2019]
rule convert_flagstat_output:
    input: Sambamba/hippoN_Foxg1KD_H3K27me3_rep1.markdup.txt
    output: Sambamba/hippoN_Foxg1KD_H3K27me3_rep1.dup.converted.tsv
    jobid: 96
    wildcards: sample=hippoN_Foxg1KD_H3K27me3_rep1

Submitted job 96 with external jobid '147905'.
Waiting at most 300 seconds for missing files.
[Mon Sep  2 15:23:59 2019]
Finished job 96.
89 of 104 steps (86%) done

[Mon Sep  2 15:23:59 2019]
rule convert_flagstat_output:
    input: Sambamba/hippoN_Ctr_H3K27me3_rep1.markdup.txt
    output: Sambamba/hippoN_Ctr_H3K27me3_rep1.dup.converted.tsv
    jobid: 86
    wildcards: sample=hippoN_Ctr_H3K27me3_rep1

Submitted job 86 with external jobid '147910'.
Waiting at most 300 seconds for missing files.
[Mon Sep  2 15:24:29 2019]
Finished job 86.
90 of 104 steps (87%) done

[Mon Sep  2 15:24:29 2019]
rule convert_flagstat_output:
    input: Sambamba/hippoN_Ctr_Input_rep2.markdup.txt
    output: Sambamba/hippoN_Ctr_Input_rep2.dup.converted.tsv
    jobid: 93
    wildcards: sample=hippoN_Ctr_Input_rep2

Submitted job 93 with external jobid '147912'.
Waiting at most 300 seconds for missing files.
[Mon Sep  2 15:24:59 2019]
Finished job 93.
91 of 104 steps (88%) done

[Mon Sep  2 15:24:59 2019]
rule convert_flagstat_output:
    input: Sambamba/hippoN_Ctr_Input_rep1.markdup.txt
    output: Sambamba/hippoN_Ctr_Input_rep1.dup.converted.tsv
    jobid: 92
    wildcards: sample=hippoN_Ctr_Input_rep1

Submitted job 92 with external jobid '147915'.
Waiting at most 300 seconds for missing files.
[Mon Sep  2 15:25:29 2019]
Finished job 92.
92 of 104 steps (88%) done

[Mon Sep  2 15:25:29 2019]
rule convert_flagstat_output:
    input: Sambamba/hippoN_Ctr_H3K27me3_rep2.markdup.txt
    output: Sambamba/hippoN_Ctr_H3K27me3_rep2.dup.converted.tsv
    jobid: 87
    wildcards: sample=hippoN_Ctr_H3K27me3_rep2

Submitted job 87 with external jobid '147916'.
[Mon Sep  2 15:25:39 2019]
Finished job 80.
93 of 104 steps (89%) done

[Mon Sep  2 15:25:39 2019]
rule histoneHMM_out_gz:
    input: histoneHMM/hippoN_Foxg1KD_H3K27me3_rep2.filtered.histoneHMM-regions.gff, histoneHMM/hippoN_Foxg1KD_H3K27me3_rep2.filtered.histoneHMM-em-posterior.txt, histoneHMM/hippoN_Foxg1KD_H3K27me3_rep2.filtered.histoneHMM.txt
    output: histoneHMM/hippoN_Foxg1KD_H3K27me3_rep2.filtered.histoneHMM-regions.gff.gz, histoneHMM/hippoN_Foxg1KD_H3K27me3_rep2.filtered.histoneHMM-em-posterior.txt.gz, histoneHMM/hippoN_Foxg1KD_H3K27me3_rep2.filtered.histoneHMM.txt.gz
    log: histoneHMM/logs/histoneHMM_out_gz.hippoN_Foxg1KD_H3K27me3_rep2.filtered.out, histoneHMM/logs/histoneHMM_out_gz.hippoN_Foxg1KD_H3K27me3_rep2.filtered.err
    jobid: 71
    benchmark: histoneHMM/.benchmark/histoneHMM_out_gz.hippoN_Foxg1KD_H3K27me3_rep2.filtered.benchmark
    wildcards: sample=hippoN_Foxg1KD_H3K27me3_rep2
    threads: 2

Waiting at most 300 seconds for missing files.
Submitted job 71 with external jobid '147917'.
[Mon Sep  2 15:25:59 2019]
Finished job 87.
94 of 104 steps (90%) done

[Mon Sep  2 15:25:59 2019]
rule report_flagstat_all_data:
    input: Sambamba/hippoN_Ctr_H3K27ac_rep1.dup.converted.tsv, Sambamba/hippoN_Ctr_H3K27ac_rep2.dup.converted.tsv, Sambamba/hippoN_Ctr_H3K27me3_rep1.dup.converted.tsv, Sambamba/hippoN_Ctr_H3K27me3_rep2.dup.converted.tsv, Sambamba/hippoN_Ctr_H3K4me1_rep1.dup.converted.tsv, Sambamba/hippoN_Ctr_H3K4me1_rep2.dup.converted.tsv, Sambamba/hippoN_Ctr_H3K4me3_rep1.dup.converted.tsv, Sambamba/hippoN_Ctr_H3K4me3_rep2.dup.converted.tsv, Sambamba/hippoN_Ctr_Input_rep1.dup.converted.tsv, Sambamba/hippoN_Ctr_Input_rep2.dup.converted.tsv, Sambamba/hippoN_Foxg1KD_H3K27ac_rep1.dup.converted.tsv, Sambamba/hippoN_Foxg1KD_H3K27ac_rep2.dup.converted.tsv, Sambamba/hippoN_Foxg1KD_H3K27me3_rep1.dup.converted.tsv, Sambamba/hippoN_Foxg1KD_H3K27me3_rep2.dup.converted.tsv, Sambamba/hippoN_Foxg1KD_H3K4me1_rep1.dup.converted.tsv, Sambamba/hippoN_Foxg1KD_H3K4me1_rep2.dup.converted.tsv, Sambamba/hippoN_Foxg1KD_H3K4me3_rep1.dup.converted.tsv, Sambamba/hippoN_Foxg1KD_H3K4me3_rep2.dup.converted.tsv, Sambamba/hippoN_Foxg1KD_Input_rep1.dup.converted.tsv, Sambamba/hippoN_Foxg1KD_Input_rep2.dup.converted.tsv
    output: Sambamba/flagstat_report_all.tsv
    jobid: 83

Submitted job 83 with external jobid '147918'.
Waiting at most 300 seconds for missing files.
Removing temporary output file Sambamba/hippoN_Ctr_H3K27ac_rep1.dup.converted.tsv.
Removing temporary output file Sambamba/hippoN_Ctr_H3K27ac_rep2.dup.converted.tsv.
Removing temporary output file Sambamba/hippoN_Ctr_H3K27me3_rep1.dup.converted.tsv.
Removing temporary output file Sambamba/hippoN_Ctr_H3K27me3_rep2.dup.converted.tsv.
Removing temporary output file Sambamba/hippoN_Ctr_H3K4me1_rep1.dup.converted.tsv.
Removing temporary output file Sambamba/hippoN_Ctr_H3K4me1_rep2.dup.converted.tsv.
Removing temporary output file Sambamba/hippoN_Ctr_H3K4me3_rep1.dup.converted.tsv.
Removing temporary output file Sambamba/hippoN_Ctr_H3K4me3_rep2.dup.converted.tsv.
Removing temporary output file Sambamba/hippoN_Ctr_Input_rep1.dup.converted.tsv.
Removing temporary output file Sambamba/hippoN_Ctr_Input_rep2.dup.converted.tsv.
Removing temporary output file Sambamba/hippoN_Foxg1KD_H3K27ac_rep1.dup.converted.tsv.
Removing temporary output file Sambamba/hippoN_Foxg1KD_H3K27ac_rep2.dup.converted.tsv.
Removing temporary output file Sambamba/hippoN_Foxg1KD_H3K27me3_rep1.dup.converted.tsv.
Removing temporary output file Sambamba/hippoN_Foxg1KD_H3K27me3_rep2.dup.converted.tsv.
Removing temporary output file Sambamba/hippoN_Foxg1KD_H3K4me1_rep1.dup.converted.tsv.
Removing temporary output file Sambamba/hippoN_Foxg1KD_H3K4me1_rep2.dup.converted.tsv.
Removing temporary output file Sambamba/hippoN_Foxg1KD_H3K4me3_rep1.dup.converted.tsv.
Removing temporary output file Sambamba/hippoN_Foxg1KD_H3K4me3_rep2.dup.converted.tsv.
Removing temporary output file Sambamba/hippoN_Foxg1KD_Input_rep1.dup.converted.tsv.
Removing temporary output file Sambamba/hippoN_Foxg1KD_Input_rep2.dup.converted.tsv.
[Mon Sep  2 15:26:31 2019]
Finished job 83.
95 of 104 steps (91%) done

[Mon Sep  2 15:26:31 2019]
rule qc_report_all:
    input: Sambamba/flagstat_report_all.tsv, deepTools_ChIP/plotFingerprint/plotFingerprint.metrics.txt
    output: QC_report/QC_report_all.tsv
    jobid: 74

Submitted job 74 with external jobid '147925'.
Removing temporary output file histoneHMM/hippoN_Foxg1KD_H3K27me3_rep2.filtered.histoneHMM-regions.gff.
[Mon Sep  2 15:26:42 2019]
Finished job 71.
96 of 104 steps (92%) done
Waiting at most 300 seconds for missing files.
[Mon Sep  2 15:27:32 2019]
Finished job 74.
97 of 104 steps (93%) done
[Mon Sep  2 15:32:42 2019]
Finished job 78.
98 of 104 steps (94%) done

[Mon Sep  2 15:32:42 2019]
rule histoneHMM_out_gz:
    input: histoneHMM/hippoN_Ctr_H3K4me1_rep2.filtered.histoneHMM-regions.gff, histoneHMM/hippoN_Ctr_H3K4me1_rep2.filtered.histoneHMM-em-posterior.txt, histoneHMM/hippoN_Ctr_H3K4me1_rep2.filtered.histoneHMM.txt
    output: histoneHMM/hippoN_Ctr_H3K4me1_rep2.filtered.histoneHMM-regions.gff.gz, histoneHMM/hippoN_Ctr_H3K4me1_rep2.filtered.histoneHMM-em-posterior.txt.gz, histoneHMM/hippoN_Ctr_H3K4me1_rep2.filtered.histoneHMM.txt.gz
    log: histoneHMM/logs/histoneHMM_out_gz.hippoN_Ctr_H3K4me1_rep2.filtered.out, histoneHMM/logs/histoneHMM_out_gz.hippoN_Ctr_H3K4me1_rep2.filtered.err
    jobid: 69
    benchmark: histoneHMM/.benchmark/histoneHMM_out_gz.hippoN_Ctr_H3K4me1_rep2.filtered.benchmark
    wildcards: sample=hippoN_Ctr_H3K4me1_rep2
    threads: 2

Submitted job 69 with external jobid '147938'.
Removing temporary output file histoneHMM/hippoN_Ctr_H3K4me1_rep2.filtered.histoneHMM-regions.gff.
[Mon Sep  2 15:33:43 2019]
Finished job 69.
99 of 104 steps (95%) done
[Mon Sep  2 15:37:13 2019]
Finished job 76.
100 of 104 steps (96%) done

[Mon Sep  2 15:37:13 2019]
rule histoneHMM_out_gz:
    input: histoneHMM/hippoN_Ctr_H3K27me3_rep2.filtered.histoneHMM-regions.gff, histoneHMM/hippoN_Ctr_H3K27me3_rep2.filtered.histoneHMM-em-posterior.txt, histoneHMM/hippoN_Ctr_H3K27me3_rep2.filtered.histoneHMM.txt
    output: histoneHMM/hippoN_Ctr_H3K27me3_rep2.filtered.histoneHMM-regions.gff.gz, histoneHMM/hippoN_Ctr_H3K27me3_rep2.filtered.histoneHMM-em-posterior.txt.gz, histoneHMM/hippoN_Ctr_H3K27me3_rep2.filtered.histoneHMM.txt.gz
    log: histoneHMM/logs/histoneHMM_out_gz.hippoN_Ctr_H3K27me3_rep2.filtered.out, histoneHMM/logs/histoneHMM_out_gz.hippoN_Ctr_H3K27me3_rep2.filtered.err
    jobid: 67
    benchmark: histoneHMM/.benchmark/histoneHMM_out_gz.hippoN_Ctr_H3K27me3_rep2.filtered.benchmark
    wildcards: sample=hippoN_Ctr_H3K27me3_rep2
    threads: 2

Submitted job 67 with external jobid '147949'.
Removing temporary output file histoneHMM/hippoN_Ctr_H3K27me3_rep2.filtered.histoneHMM-regions.gff.
[Mon Sep  2 15:38:13 2019]
Finished job 67.
101 of 104 steps (97%) done
[Mon Sep  2 15:41:14 2019]
Finished job 82.
102 of 104 steps (98%) done

[Mon Sep  2 15:41:14 2019]
rule histoneHMM_out_gz:
    input: histoneHMM/hippoN_Foxg1KD_H3K4me1_rep2.filtered.histoneHMM-regions.gff, histoneHMM/hippoN_Foxg1KD_H3K4me1_rep2.filtered.histoneHMM-em-posterior.txt, histoneHMM/hippoN_Foxg1KD_H3K4me1_rep2.filtered.histoneHMM.txt
    output: histoneHMM/hippoN_Foxg1KD_H3K4me1_rep2.filtered.histoneHMM-regions.gff.gz, histoneHMM/hippoN_Foxg1KD_H3K4me1_rep2.filtered.histoneHMM-em-posterior.txt.gz, histoneHMM/hippoN_Foxg1KD_H3K4me1_rep2.filtered.histoneHMM.txt.gz
    log: histoneHMM/logs/histoneHMM_out_gz.hippoN_Foxg1KD_H3K4me1_rep2.filtered.out, histoneHMM/logs/histoneHMM_out_gz.hippoN_Foxg1KD_H3K4me1_rep2.filtered.err
    jobid: 73
    benchmark: histoneHMM/.benchmark/histoneHMM_out_gz.hippoN_Foxg1KD_H3K4me1_rep2.filtered.benchmark
    wildcards: sample=hippoN_Foxg1KD_H3K4me1_rep2
    threads: 2

Submitted job 73 with external jobid '147957'.
Removing temporary output file histoneHMM/hippoN_Foxg1KD_H3K4me1_rep2.filtered.histoneHMM-regions.gff.
[Mon Sep  2 15:42:14 2019]
Finished job 73.
103 of 104 steps (99%) done

[Mon Sep  2 15:42:14 2019]
localrule all:
    input: deepTools_ChIP/plotFingerprint/plotFingerprint.metrics.txt, deepTools_ChIP/bamCompare/hippoN_Ctr_H3K27ac_rep1.filtered.subtract.hippoN_Ctr_Input_rep1.bw, deepTools_ChIP/bamCompare/hippoN_Ctr_H3K27ac_rep1.filtered.log2ratio.over_hippoN_Ctr_Input_rep1.bw, deepTools_ChIP/plotFingerprint/plotFingerprint.metrics.txt, deepTools_ChIP/bamCompare/hippoN_Ctr_H3K27ac_rep2.filtered.subtract.hippoN_Ctr_Input_rep2.bw, deepTools_ChIP/bamCompare/hippoN_Ctr_H3K27ac_rep2.filtered.log2ratio.over_hippoN_Ctr_Input_rep2.bw, deepTools_ChIP/plotFingerprint/plotFingerprint.metrics.txt, deepTools_ChIP/bamCompare/hippoN_Ctr_H3K27me3_rep1.filtered.subtract.hippoN_Ctr_Input_rep1.bw, deepTools_ChIP/bamCompare/hippoN_Ctr_H3K27me3_rep1.filtered.log2ratio.over_hippoN_Ctr_Input_rep1.bw, deepTools_ChIP/plotFingerprint/plotFingerprint.metrics.txt, deepTools_ChIP/bamCompare/hippoN_Ctr_H3K27me3_rep2.filtered.subtract.hippoN_Ctr_Input_rep2.bw, deepTools_ChIP/bamCompare/hippoN_Ctr_H3K27me3_rep2.filtered.log2ratio.over_hippoN_Ctr_Input_rep2.bw, deepTools_ChIP/plotFingerprint/plotFingerprint.metrics.txt, deepTools_ChIP/bamCompare/hippoN_Ctr_H3K4me1_rep1.filtered.subtract.hippoN_Ctr_Input_rep1.bw, deepTools_ChIP/bamCompare/hippoN_Ctr_H3K4me1_rep1.filtered.log2ratio.over_hippoN_Ctr_Input_rep1.bw, deepTools_ChIP/plotFingerprint/plotFingerprint.metrics.txt, deepTools_ChIP/bamCompare/hippoN_Ctr_H3K4me1_rep2.filtered.subtract.hippoN_Ctr_Input_rep2.bw, deepTools_ChIP/bamCompare/hippoN_Ctr_H3K4me1_rep2.filtered.log2ratio.over_hippoN_Ctr_Input_rep2.bw, deepTools_ChIP/plotFingerprint/plotFingerprint.metrics.txt, deepTools_ChIP/bamCompare/hippoN_Ctr_H3K4me3_rep1.filtered.subtract.hippoN_Ctr_Input_rep1.bw, deepTools_ChIP/bamCompare/hippoN_Ctr_H3K4me3_rep1.filtered.log2ratio.over_hippoN_Ctr_Input_rep1.bw, deepTools_ChIP/plotFingerprint/plotFingerprint.metrics.txt, deepTools_ChIP/bamCompare/hippoN_Ctr_H3K4me3_rep2.filtered.subtract.hippoN_Ctr_Input_rep2.bw, deepTools_ChIP/bamCompare/hippoN_Ctr_H3K4me3_rep2.filtered.log2ratio.over_hippoN_Ctr_Input_rep2.bw, deepTools_ChIP/plotFingerprint/plotFingerprint.metrics.txt, deepTools_ChIP/bamCompare/hippoN_Foxg1KD_H3K27ac_rep1.filtered.subtract.hippoN_Foxg1KD_Input_rep1.bw, deepTools_ChIP/bamCompare/hippoN_Foxg1KD_H3K27ac_rep1.filtered.log2ratio.over_hippoN_Foxg1KD_Input_rep1.bw, deepTools_ChIP/plotFingerprint/plotFingerprint.metrics.txt, deepTools_ChIP/bamCompare/hippoN_Foxg1KD_H3K27ac_rep2.filtered.subtract.hippoN_Foxg1KD_Input_rep2.bw, deepTools_ChIP/bamCompare/hippoN_Foxg1KD_H3K27ac_rep2.filtered.log2ratio.over_hippoN_Foxg1KD_Input_rep2.bw, deepTools_ChIP/plotFingerprint/plotFingerprint.metrics.txt, deepTools_ChIP/bamCompare/hippoN_Foxg1KD_H3K27me3_rep1.filtered.subtract.hippoN_Foxg1KD_Input_rep1.bw, deepTools_ChIP/bamCompare/hippoN_Foxg1KD_H3K27me3_rep1.filtered.log2ratio.over_hippoN_Foxg1KD_Input_rep1.bw, deepTools_ChIP/plotFingerprint/plotFingerprint.metrics.txt, deepTools_ChIP/bamCompare/hippoN_Foxg1KD_H3K27me3_rep2.filtered.subtract.hippoN_Foxg1KD_Input_rep2.bw, deepTools_ChIP/bamCompare/hippoN_Foxg1KD_H3K27me3_rep2.filtered.log2ratio.over_hippoN_Foxg1KD_Input_rep2.bw, deepTools_ChIP/plotFingerprint/plotFingerprint.metrics.txt, deepTools_ChIP/bamCompare/hippoN_Foxg1KD_H3K4me1_rep1.filtered.subtract.hippoN_Foxg1KD_Input_rep1.bw, deepTools_ChIP/bamCompare/hippoN_Foxg1KD_H3K4me1_rep1.filtered.log2ratio.over_hippoN_Foxg1KD_Input_rep1.bw, deepTools_ChIP/plotFingerprint/plotFingerprint.metrics.txt, deepTools_ChIP/bamCompare/hippoN_Foxg1KD_H3K4me1_rep2.filtered.subtract.hippoN_Foxg1KD_Input_rep2.bw, deepTools_ChIP/bamCompare/hippoN_Foxg1KD_H3K4me1_rep2.filtered.log2ratio.over_hippoN_Foxg1KD_Input_rep2.bw, deepTools_ChIP/plotFingerprint/plotFingerprint.metrics.txt, deepTools_ChIP/bamCompare/hippoN_Foxg1KD_H3K4me3_rep1.filtered.subtract.hippoN_Foxg1KD_Input_rep1.bw, deepTools_ChIP/bamCompare/hippoN_Foxg1KD_H3K4me3_rep1.filtered.log2ratio.over_hippoN_Foxg1KD_Input_rep1.bw, deepTools_ChIP/plotFingerprint/plotFingerprint.metrics.txt, deepTools_ChIP/bamCompare/hippoN_Foxg1KD_H3K4me3_rep2.filtered.subtract.hippoN_Foxg1KD_Input_rep2.bw, deepTools_ChIP/bamCompare/hippoN_Foxg1KD_H3K4me3_rep2.filtered.log2ratio.over_hippoN_Foxg1KD_Input_rep2.bw, MACS2/hippoN_Ctr_H3K27ac_rep1.filtered.BAM_peaks.xls, MACS2/hippoN_Ctr_H3K27ac_rep2.filtered.BAM_peaks.xls, MACS2/hippoN_Ctr_H3K27me3_rep1.filtered.BAM_peaks.xls, MACS2/hippoN_Ctr_H3K27me3_rep2.filtered.BAM_peaks.xls, MACS2/hippoN_Ctr_H3K4me1_rep1.filtered.BAM_peaks.xls, MACS2/hippoN_Ctr_H3K4me1_rep2.filtered.BAM_peaks.xls, MACS2/hippoN_Ctr_H3K4me3_rep1.filtered.BAM_peaks.xls, MACS2/hippoN_Ctr_H3K4me3_rep2.filtered.BAM_peaks.xls, MACS2/hippoN_Foxg1KD_H3K27ac_rep1.filtered.BAM_peaks.xls, MACS2/hippoN_Foxg1KD_H3K27ac_rep2.filtered.BAM_peaks.xls, MACS2/hippoN_Foxg1KD_H3K27me3_rep1.filtered.BAM_peaks.xls, MACS2/hippoN_Foxg1KD_H3K27me3_rep2.filtered.BAM_peaks.xls, MACS2/hippoN_Foxg1KD_H3K4me1_rep1.filtered.BAM_peaks.xls, MACS2/hippoN_Foxg1KD_H3K4me1_rep2.filtered.BAM_peaks.xls, MACS2/hippoN_Foxg1KD_H3K4me3_rep1.filtered.BAM_peaks.xls, MACS2/hippoN_Foxg1KD_H3K4me3_rep2.filtered.BAM_peaks.xls, MACS2/hippoN_Ctr_H3K27ac_rep1.filtered.BAM_peaks.qc.txt, MACS2/hippoN_Ctr_H3K27ac_rep2.filtered.BAM_peaks.qc.txt, MACS2/hippoN_Ctr_H3K27me3_rep1.filtered.BAM_peaks.qc.txt, MACS2/hippoN_Ctr_H3K27me3_rep2.filtered.BAM_peaks.qc.txt, MACS2/hippoN_Ctr_H3K4me1_rep1.filtered.BAM_peaks.qc.txt, MACS2/hippoN_Ctr_H3K4me1_rep2.filtered.BAM_peaks.qc.txt, MACS2/hippoN_Ctr_H3K4me3_rep1.filtered.BAM_peaks.qc.txt, MACS2/hippoN_Ctr_H3K4me3_rep2.filtered.BAM_peaks.qc.txt, MACS2/hippoN_Foxg1KD_H3K27ac_rep1.filtered.BAM_peaks.qc.txt, MACS2/hippoN_Foxg1KD_H3K27ac_rep2.filtered.BAM_peaks.qc.txt, MACS2/hippoN_Foxg1KD_H3K27me3_rep1.filtered.BAM_peaks.qc.txt, MACS2/hippoN_Foxg1KD_H3K27me3_rep2.filtered.BAM_peaks.qc.txt, MACS2/hippoN_Foxg1KD_H3K4me1_rep1.filtered.BAM_peaks.qc.txt, MACS2/hippoN_Foxg1KD_H3K4me1_rep2.filtered.BAM_peaks.qc.txt, MACS2/hippoN_Foxg1KD_H3K4me3_rep1.filtered.BAM_peaks.qc.txt, MACS2/hippoN_Foxg1KD_H3K4me3_rep2.filtered.BAM_peaks.qc.txt, histoneHMM/hippoN_Ctr_H3K27me3_rep1.filtered.histoneHMM-regions.gff.gz, histoneHMM/hippoN_Ctr_H3K27me3_rep2.filtered.histoneHMM-regions.gff.gz, histoneHMM/hippoN_Ctr_H3K4me1_rep1.filtered.histoneHMM-regions.gff.gz, histoneHMM/hippoN_Ctr_H3K4me1_rep2.filtered.histoneHMM-regions.gff.gz, histoneHMM/hippoN_Foxg1KD_H3K27me3_rep1.filtered.histoneHMM-regions.gff.gz, histoneHMM/hippoN_Foxg1KD_H3K27me3_rep2.filtered.histoneHMM-regions.gff.gz, histoneHMM/hippoN_Foxg1KD_H3K4me1_rep1.filtered.histoneHMM-regions.gff.gz, histoneHMM/hippoN_Foxg1KD_H3K4me1_rep2.filtered.histoneHMM-regions.gff.gz, QC_report/QC_report_all.tsv
    jobid: 0

[Mon Sep  2 15:42:14 2019]
Finished job 0.
104 of 104 steps (100%) done
Complete log: /data/manke/group/ferrari/PhD_project/reference_datasets/FOXG1_project/RELACS_inVitroHippo/output_snakepipes/.snakemake/log/2019-09-02T131339.355429.snakemake.log
