Building DAG of jobs...
Using shell: /usr/bin/bash
Provided cluster nodes: 5
Job counts:
	count	jobs
	5	MACS2
	5	MACS2_peak_qc
	1	all
	5	bamCompare_log2
	5	bamCompare_subtract
	8	convert_flagstat_output
	1	plotFingerprint
	1	qc_report_all
	1	report_flagstat_all_data
	32

[Thu Jun  6 00:19:37 2019]
rule bamCompare_subtract:
    input: filtered_bam/CA1-1_FOXG1_mm_i69.filtered.bam, filtered_bam/CA1-1_FOXG1_mm_i69.filtered.bam.bai, filtered_bam/Pooled_Input_mm_i79.filtered.bam, filtered_bam/Pooled_Input_mm_i79.filtered.bam.bai
    output: deepTools_ChIP/bamCompare/CA1-1_FOXG1_mm_i69.filtered.subtract.Pooled_Input_mm_i79.bw
    log: deepTools_ChIP/logs/bamCompare.subtract.CA1-1_FOXG1_mm_i69.filtered.subtract.Pooled_Input_mm_i79.out, deepTools_ChIP/logs/bamCompare.subtract.CA1-1_FOXG1_mm_i69.filtered.subtract.Pooled_Input_mm_i79.err
    jobid: 2
    benchmark: deepTools_ChIP/.benchmark/bamCompare.subtract.CA1-1_FOXG1_mm_i69.filtered.subtract.Pooled_Input_mm_i79.benchmark
    wildcards: chip_sample=CA1-1_FOXG1_mm_i69, control_name=Pooled_Input_mm_i79
    threads: 16

Submitted job 2 with external jobid '66760'.

[Thu Jun  6 00:19:37 2019]
rule MACS2:
    input: filtered_bam/DG_FOXG1_mm_i68.filtered.bam, filtered_bam/Pooled_Input_mm_i79.filtered.bam
    output: MACS2/DG_FOXG1_mm_i68.filtered.BAM_peaks.xls
    log: MACS2/logs/MACS2.DG_FOXG1_mm_i68.filtered.out, MACS2/logs/MACS2.DG_FOXG1_mm_i68.filtered.err
    jobid: 14
    benchmark: MACS2/.benchmark/MACS2.DG_FOXG1_mm_i68.filtered.benchmark
    wildcards: chip_sample=DG_FOXG1_mm_i68

Submitted job 14 with external jobid '66761'.

[Thu Jun  6 00:19:37 2019]
rule bamCompare_log2:
    input: filtered_bam/DG_FOXG1_mm_i68.filtered.bam, filtered_bam/DG_FOXG1_mm_i68.filtered.bam.bai, filtered_bam/Pooled_Input_mm_i79.filtered.bam, filtered_bam/Pooled_Input_mm_i79.filtered.bam.bai
    output: deepTools_ChIP/bamCompare/DG_FOXG1_mm_i68.filtered.log2ratio.over_Pooled_Input_mm_i79.bw
    log: deepTools_ChIP/logs/bamCompare.log2ratio.DG_FOXG1_mm_i68.Pooled_Input_mm_i79.filtered.out, deepTools_ChIP/logs/bamCompare.log2ratio.DG_FOXG1_mm_i68.Pooled_Input_mm_i79.filtered.err
    jobid: 7
    benchmark: deepTools_ChIP/.benchmark/bamCompare.log2ratio.DG_FOXG1_mm_i68.Pooled_Input_mm_i79.filtered.benchmark
    wildcards: chip_sample=DG_FOXG1_mm_i68, control_name=Pooled_Input_mm_i79
    threads: 16

Submitted job 7 with external jobid '66762'.

[Thu Jun  6 00:19:38 2019]
rule bamCompare_subtract:
    input: filtered_bam/DG_FOXG1_mm_i68.filtered.bam, filtered_bam/DG_FOXG1_mm_i68.filtered.bam.bai, filtered_bam/Pooled_Input_mm_i79.filtered.bam, filtered_bam/Pooled_Input_mm_i79.filtered.bam.bai
    output: deepTools_ChIP/bamCompare/DG_FOXG1_mm_i68.filtered.subtract.Pooled_Input_mm_i79.bw
    log: deepTools_ChIP/logs/bamCompare.subtract.DG_FOXG1_mm_i68.filtered.subtract.Pooled_Input_mm_i79.out, deepTools_ChIP/logs/bamCompare.subtract.DG_FOXG1_mm_i68.filtered.subtract.Pooled_Input_mm_i79.err
    jobid: 6
    benchmark: deepTools_ChIP/.benchmark/bamCompare.subtract.DG_FOXG1_mm_i68.filtered.subtract.Pooled_Input_mm_i79.benchmark
    wildcards: chip_sample=DG_FOXG1_mm_i68, control_name=Pooled_Input_mm_i79
    threads: 16

Submitted job 6 with external jobid '66763'.

[Thu Jun  6 00:19:38 2019]
rule plotFingerprint:
    input: filtered_bam/CA1-1_FOXG1_mm_i69.filtered.bam, filtered_bam/CA1-2_FOXG1_mm_i70.filtered.bam, filtered_bam/DG_FOXG1_mm_i68.filtered.bam, filtered_bam/N1_FOXG1_mm_i92.filtered.bam, filtered_bam/N1_Input_mm_i94.filtered.bam, filtered_bam/N2_FOXG1_mm_i93.filtered.bam, filtered_bam/N2_Input_mm_i95.filtered.bam, filtered_bam/Pooled_Input_mm_i79.filtered.bam, filtered_bam/CA1-1_FOXG1_mm_i69.filtered.bam.bai, filtered_bam/CA1-2_FOXG1_mm_i70.filtered.bam.bai, filtered_bam/DG_FOXG1_mm_i68.filtered.bam.bai, filtered_bam/N1_FOXG1_mm_i92.filtered.bam.bai, filtered_bam/N1_Input_mm_i94.filtered.bam.bai, filtered_bam/N2_FOXG1_mm_i93.filtered.bam.bai, filtered_bam/N2_Input_mm_i95.filtered.bam.bai, filtered_bam/Pooled_Input_mm_i79.filtered.bam.bai
    output: deepTools_ChIP/plotFingerprint/plotFingerprint.metrics.txt
    log: deepTools_ChIP/logs/plotFingerprint.out, deepTools_ChIP/logs/plotFingerprint.err
    jobid: 1
    benchmark: deepTools_ChIP/.benchmark/plotFingerprint.benchmark
    threads: 24

Submitted job 1 with external jobid '66764'.
[Thu Jun  6 00:24:37 2019]
Finished job 2.
1 of 32 steps (3%) done

[Thu Jun  6 00:24:37 2019]
rule bamCompare_log2:
    input: filtered_bam/CA1-1_FOXG1_mm_i69.filtered.bam, filtered_bam/CA1-1_FOXG1_mm_i69.filtered.bam.bai, filtered_bam/Pooled_Input_mm_i79.filtered.bam, filtered_bam/Pooled_Input_mm_i79.filtered.bam.bai
    output: deepTools_ChIP/bamCompare/CA1-1_FOXG1_mm_i69.filtered.log2ratio.over_Pooled_Input_mm_i79.bw
    log: deepTools_ChIP/logs/bamCompare.log2ratio.CA1-1_FOXG1_mm_i69.Pooled_Input_mm_i79.filtered.out, deepTools_ChIP/logs/bamCompare.log2ratio.CA1-1_FOXG1_mm_i69.Pooled_Input_mm_i79.filtered.err
    jobid: 3
    benchmark: deepTools_ChIP/.benchmark/bamCompare.log2ratio.CA1-1_FOXG1_mm_i69.Pooled_Input_mm_i79.filtered.benchmark
    wildcards: chip_sample=CA1-1_FOXG1_mm_i69, control_name=Pooled_Input_mm_i79
    threads: 16

Submitted job 3 with external jobid '66767'.
[Thu Jun  6 00:25:08 2019]
Finished job 6.
2 of 32 steps (6%) done

[Thu Jun  6 00:25:08 2019]
rule MACS2:
    input: filtered_bam/CA1-1_FOXG1_mm_i69.filtered.bam, filtered_bam/Pooled_Input_mm_i79.filtered.bam
    output: MACS2/CA1-1_FOXG1_mm_i69.filtered.BAM_peaks.xls
    log: MACS2/logs/MACS2.CA1-1_FOXG1_mm_i69.filtered.out, MACS2/logs/MACS2.CA1-1_FOXG1_mm_i69.filtered.err
    jobid: 12
    benchmark: MACS2/.benchmark/MACS2.CA1-1_FOXG1_mm_i69.filtered.benchmark
    wildcards: chip_sample=CA1-1_FOXG1_mm_i69

Submitted job 12 with external jobid '66768'.
[Thu Jun  6 00:25:38 2019]
Finished job 7.
3 of 32 steps (9%) done

[Thu Jun  6 00:25:38 2019]
rule bamCompare_log2:
    input: filtered_bam/N1_FOXG1_mm_i92.filtered.bam, filtered_bam/N1_FOXG1_mm_i92.filtered.bam.bai, filtered_bam/N1_Input_mm_i94.filtered.bam, filtered_bam/N1_Input_mm_i94.filtered.bam.bai
    output: deepTools_ChIP/bamCompare/N1_FOXG1_mm_i92.filtered.log2ratio.over_N1_Input_mm_i94.bw
    log: deepTools_ChIP/logs/bamCompare.log2ratio.N1_FOXG1_mm_i92.N1_Input_mm_i94.filtered.out, deepTools_ChIP/logs/bamCompare.log2ratio.N1_FOXG1_mm_i92.N1_Input_mm_i94.filtered.err
    jobid: 9
    benchmark: deepTools_ChIP/.benchmark/bamCompare.log2ratio.N1_FOXG1_mm_i92.N1_Input_mm_i94.filtered.benchmark
    wildcards: chip_sample=N1_FOXG1_mm_i92, control_name=N1_Input_mm_i94
    threads: 16

Submitted job 9 with external jobid '66769'.
[Thu Jun  6 00:30:08 2019]
Finished job 3.
4 of 32 steps (12%) done

[Thu Jun  6 00:30:08 2019]
rule bamCompare_subtract:
    input: filtered_bam/N1_FOXG1_mm_i92.filtered.bam, filtered_bam/N1_FOXG1_mm_i92.filtered.bam.bai, filtered_bam/N1_Input_mm_i94.filtered.bam, filtered_bam/N1_Input_mm_i94.filtered.bam.bai
    output: deepTools_ChIP/bamCompare/N1_FOXG1_mm_i92.filtered.subtract.N1_Input_mm_i94.bw
    log: deepTools_ChIP/logs/bamCompare.subtract.N1_FOXG1_mm_i92.filtered.subtract.N1_Input_mm_i94.out, deepTools_ChIP/logs/bamCompare.subtract.N1_FOXG1_mm_i92.filtered.subtract.N1_Input_mm_i94.err
    jobid: 8
    benchmark: deepTools_ChIP/.benchmark/bamCompare.subtract.N1_FOXG1_mm_i92.filtered.subtract.N1_Input_mm_i94.benchmark
    wildcards: chip_sample=N1_FOXG1_mm_i92, control_name=N1_Input_mm_i94
    threads: 16

Submitted job 8 with external jobid '66770'.
[Thu Jun  6 00:30:38 2019]
Finished job 14.
5 of 32 steps (16%) done

[Thu Jun  6 00:30:38 2019]
rule MACS2:
    input: filtered_bam/N1_FOXG1_mm_i92.filtered.bam, filtered_bam/N1_Input_mm_i94.filtered.bam
    output: MACS2/N1_FOXG1_mm_i92.filtered.BAM_peaks.xls
    log: MACS2/logs/MACS2.N1_FOXG1_mm_i92.filtered.out, MACS2/logs/MACS2.N1_FOXG1_mm_i92.filtered.err
    jobid: 15
    benchmark: MACS2/.benchmark/MACS2.N1_FOXG1_mm_i92.filtered.benchmark
    wildcards: chip_sample=N1_FOXG1_mm_i92

Submitted job 15 with external jobid '66771'.
[Thu Jun  6 00:31:08 2019]
Finished job 9.
6 of 32 steps (19%) done

[Thu Jun  6 00:31:08 2019]
rule bamCompare_log2:
    input: filtered_bam/N2_FOXG1_mm_i93.filtered.bam, filtered_bam/N2_FOXG1_mm_i93.filtered.bam.bai, filtered_bam/N2_Input_mm_i95.filtered.bam, filtered_bam/N2_Input_mm_i95.filtered.bam.bai
    output: deepTools_ChIP/bamCompare/N2_FOXG1_mm_i93.filtered.log2ratio.over_N2_Input_mm_i95.bw
    log: deepTools_ChIP/logs/bamCompare.log2ratio.N2_FOXG1_mm_i93.N2_Input_mm_i95.filtered.out, deepTools_ChIP/logs/bamCompare.log2ratio.N2_FOXG1_mm_i93.N2_Input_mm_i95.filtered.err
    jobid: 11
    benchmark: deepTools_ChIP/.benchmark/bamCompare.log2ratio.N2_FOXG1_mm_i93.N2_Input_mm_i95.filtered.benchmark
    wildcards: chip_sample=N2_FOXG1_mm_i93, control_name=N2_Input_mm_i95
    threads: 16

Submitted job 11 with external jobid '66772'.
[Thu Jun  6 00:33:39 2019]
Finished job 1.
7 of 32 steps (22%) done

[Thu Jun  6 00:33:39 2019]
rule bamCompare_subtract:
    input: filtered_bam/N2_FOXG1_mm_i93.filtered.bam, filtered_bam/N2_FOXG1_mm_i93.filtered.bam.bai, filtered_bam/N2_Input_mm_i95.filtered.bam, filtered_bam/N2_Input_mm_i95.filtered.bam.bai
    output: deepTools_ChIP/bamCompare/N2_FOXG1_mm_i93.filtered.subtract.N2_Input_mm_i95.bw
    log: deepTools_ChIP/logs/bamCompare.subtract.N2_FOXG1_mm_i93.filtered.subtract.N2_Input_mm_i95.out, deepTools_ChIP/logs/bamCompare.subtract.N2_FOXG1_mm_i93.filtered.subtract.N2_Input_mm_i95.err
    jobid: 10
    benchmark: deepTools_ChIP/.benchmark/bamCompare.subtract.N2_FOXG1_mm_i93.filtered.subtract.N2_Input_mm_i95.benchmark
    wildcards: chip_sample=N2_FOXG1_mm_i93, control_name=N2_Input_mm_i95
    threads: 16

Submitted job 10 with external jobid '66773'.
[Thu Jun  6 00:35:39 2019]
Finished job 8.
8 of 32 steps (25%) done

[Thu Jun  6 00:35:39 2019]
rule bamCompare_log2:
    input: filtered_bam/CA1-2_FOXG1_mm_i70.filtered.bam, filtered_bam/CA1-2_FOXG1_mm_i70.filtered.bam.bai, filtered_bam/Pooled_Input_mm_i79.filtered.bam, filtered_bam/Pooled_Input_mm_i79.filtered.bam.bai
    output: deepTools_ChIP/bamCompare/CA1-2_FOXG1_mm_i70.filtered.log2ratio.over_Pooled_Input_mm_i79.bw
    log: deepTools_ChIP/logs/bamCompare.log2ratio.CA1-2_FOXG1_mm_i70.Pooled_Input_mm_i79.filtered.out, deepTools_ChIP/logs/bamCompare.log2ratio.CA1-2_FOXG1_mm_i70.Pooled_Input_mm_i79.filtered.err
    jobid: 5
    benchmark: deepTools_ChIP/.benchmark/bamCompare.log2ratio.CA1-2_FOXG1_mm_i70.Pooled_Input_mm_i79.filtered.benchmark
    wildcards: chip_sample=CA1-2_FOXG1_mm_i70, control_name=Pooled_Input_mm_i79
    threads: 16

Submitted job 5 with external jobid '66774'.
[Thu Jun  6 00:36:39 2019]
Finished job 12.
9 of 32 steps (28%) done

[Thu Jun  6 00:36:39 2019]
rule bamCompare_subtract:
    input: filtered_bam/CA1-2_FOXG1_mm_i70.filtered.bam, filtered_bam/CA1-2_FOXG1_mm_i70.filtered.bam.bai, filtered_bam/Pooled_Input_mm_i79.filtered.bam, filtered_bam/Pooled_Input_mm_i79.filtered.bam.bai
    output: deepTools_ChIP/bamCompare/CA1-2_FOXG1_mm_i70.filtered.subtract.Pooled_Input_mm_i79.bw
    log: deepTools_ChIP/logs/bamCompare.subtract.CA1-2_FOXG1_mm_i70.filtered.subtract.Pooled_Input_mm_i79.out, deepTools_ChIP/logs/bamCompare.subtract.CA1-2_FOXG1_mm_i70.filtered.subtract.Pooled_Input_mm_i79.err
    jobid: 4
    benchmark: deepTools_ChIP/.benchmark/bamCompare.subtract.CA1-2_FOXG1_mm_i70.filtered.subtract.Pooled_Input_mm_i79.benchmark
    wildcards: chip_sample=CA1-2_FOXG1_mm_i70, control_name=Pooled_Input_mm_i79
    threads: 16

[Thu Jun  6 00:36:39 2019]
Finished job 11.
10 of 32 steps (31%) done
Submitted job 4 with external jobid '66775'.

[Thu Jun  6 00:36:39 2019]
rule MACS2:
    input: filtered_bam/N2_FOXG1_mm_i93.filtered.bam, filtered_bam/N2_Input_mm_i95.filtered.bam
    output: MACS2/N2_FOXG1_mm_i93.filtered.BAM_peaks.xls
    log: MACS2/logs/MACS2.N2_FOXG1_mm_i93.filtered.out, MACS2/logs/MACS2.N2_FOXG1_mm_i93.filtered.err
    jobid: 16
    benchmark: MACS2/.benchmark/MACS2.N2_FOXG1_mm_i93.filtered.benchmark
    wildcards: chip_sample=N2_FOXG1_mm_i93

Submitted job 16 with external jobid '66776'.
[Thu Jun  6 00:38:50 2019]
Finished job 10.
11 of 32 steps (34%) done

[Thu Jun  6 00:38:50 2019]
rule MACS2:
    input: filtered_bam/CA1-2_FOXG1_mm_i70.filtered.bam, filtered_bam/Pooled_Input_mm_i79.filtered.bam
    output: MACS2/CA1-2_FOXG1_mm_i70.filtered.BAM_peaks.xls
    log: MACS2/logs/MACS2.CA1-2_FOXG1_mm_i70.filtered.out, MACS2/logs/MACS2.CA1-2_FOXG1_mm_i70.filtered.err
    jobid: 13
    benchmark: MACS2/.benchmark/MACS2.CA1-2_FOXG1_mm_i70.filtered.benchmark
    wildcards: chip_sample=CA1-2_FOXG1_mm_i70

Submitted job 13 with external jobid '66777'.
[Thu Jun  6 00:40:50 2019]
Finished job 15.
12 of 32 steps (38%) done

[Thu Jun  6 00:40:50 2019]
rule MACS2_peak_qc:
    input: filtered_bam/DG_FOXG1_mm_i68.filtered.bam, MACS2/DG_FOXG1_mm_i68.filtered.BAM_peaks.xls
    output: MACS2/DG_FOXG1_mm_i68.filtered.BAM_peaks.qc.txt
    jobid: 19
    benchmark: MACS2/.benchmark/MACS2_peak_qc.DG_FOXG1_mm_i68.filtered.benchmark
    wildcards: sample=DG_FOXG1_mm_i68

[Thu Jun  6 00:40:50 2019]
Finished job 5.
13 of 32 steps (41%) done
Submitted job 19 with external jobid '66778'.

[Thu Jun  6 00:40:50 2019]
rule MACS2_peak_qc:
    input: filtered_bam/CA1-1_FOXG1_mm_i69.filtered.bam, MACS2/CA1-1_FOXG1_mm_i69.filtered.BAM_peaks.xls
    output: MACS2/CA1-1_FOXG1_mm_i69.filtered.BAM_peaks.qc.txt
    jobid: 17
    benchmark: MACS2/.benchmark/MACS2_peak_qc.CA1-1_FOXG1_mm_i69.filtered.benchmark
    wildcards: sample=CA1-1_FOXG1_mm_i69

Submitted job 17 with external jobid '66779'.
[Thu Jun  6 00:41:30 2019]
Finished job 4.
14 of 32 steps (44%) done

[Thu Jun  6 00:41:30 2019]
rule MACS2_peak_qc:
    input: filtered_bam/N1_FOXG1_mm_i92.filtered.bam, MACS2/N1_FOXG1_mm_i92.filtered.BAM_peaks.xls
    output: MACS2/N1_FOXG1_mm_i92.filtered.BAM_peaks.qc.txt
    jobid: 20
    benchmark: MACS2/.benchmark/MACS2_peak_qc.N1_FOXG1_mm_i92.filtered.benchmark
    wildcards: sample=N1_FOXG1_mm_i92

Submitted job 20 with external jobid '66780'.
[Thu Jun  6 00:42:00 2019]
Finished job 19.
15 of 32 steps (47%) done

[Thu Jun  6 00:42:00 2019]
rule convert_flagstat_output:
    input: Sambamba/CA1-2_FOXG1_mm_i70.markdup.txt
    output: Sambamba/CA1-2_FOXG1_mm_i70.dup.converted.tsv
    jobid: 25
    wildcards: sample=CA1-2_FOXG1_mm_i70

[Thu Jun  6 00:42:00 2019]
Finished job 17.
16 of 32 steps (50%) done
Submitted job 25 with external jobid '66781'.

[Thu Jun  6 00:42:01 2019]
rule convert_flagstat_output:
    input: Sambamba/DG_FOXG1_mm_i68.markdup.txt
    output: Sambamba/DG_FOXG1_mm_i68.dup.converted.tsv
    jobid: 26
    wildcards: sample=DG_FOXG1_mm_i68

Submitted job 26 with external jobid '66782'.
Waiting at most 300 seconds for missing files.
[Thu Jun  6 00:43:01 2019]
Finished job 25.
17 of 32 steps (53%) done

[Thu Jun  6 00:43:01 2019]
rule convert_flagstat_output:
    input: Sambamba/CA1-1_FOXG1_mm_i69.markdup.txt
    output: Sambamba/CA1-1_FOXG1_mm_i69.dup.converted.tsv
    jobid: 24
    wildcards: sample=CA1-1_FOXG1_mm_i69

[Thu Jun  6 00:43:01 2019]
Finished job 26.
18 of 32 steps (56%) done
Submitted job 24 with external jobid '66783'.

[Thu Jun  6 00:43:01 2019]
rule convert_flagstat_output:
    input: Sambamba/Pooled_Input_mm_i79.markdup.txt
    output: Sambamba/Pooled_Input_mm_i79.dup.converted.tsv
    jobid: 31
    wildcards: sample=Pooled_Input_mm_i79

Submitted job 31 with external jobid '66784'.
[Thu Jun  6 00:43:11 2019]
Finished job 20.
19 of 32 steps (59%) done

[Thu Jun  6 00:43:11 2019]
rule convert_flagstat_output:
    input: Sambamba/N1_Input_mm_i94.markdup.txt
    output: Sambamba/N1_Input_mm_i94.dup.converted.tsv
    jobid: 28
    wildcards: sample=N1_Input_mm_i94

[Thu Jun  6 00:43:11 2019]
Finished job 24.
20 of 32 steps (62%) done
[Thu Jun  6 00:43:11 2019]
Finished job 31.
21 of 32 steps (66%) done
Submitted job 28 with external jobid '66785'.

[Thu Jun  6 00:43:11 2019]
rule convert_flagstat_output:
    input: Sambamba/N2_Input_mm_i95.markdup.txt
    output: Sambamba/N2_Input_mm_i95.dup.converted.tsv
    jobid: 30
    wildcards: sample=N2_Input_mm_i95

Submitted job 30 with external jobid '66786'.

[Thu Jun  6 00:43:11 2019]
rule convert_flagstat_output:
    input: Sambamba/N2_FOXG1_mm_i93.markdup.txt
    output: Sambamba/N2_FOXG1_mm_i93.dup.converted.tsv
    jobid: 29
    wildcards: sample=N2_FOXG1_mm_i93

Submitted job 29 with external jobid '66787'.
Waiting at most 300 seconds for missing files.
[Thu Jun  6 00:43:42 2019]
Finished job 28.
22 of 32 steps (69%) done

[Thu Jun  6 00:43:42 2019]
rule convert_flagstat_output:
    input: Sambamba/N1_FOXG1_mm_i92.markdup.txt
    output: Sambamba/N1_FOXG1_mm_i92.dup.converted.tsv
    jobid: 27
    wildcards: sample=N1_FOXG1_mm_i92

[Thu Jun  6 00:43:42 2019]
Finished job 30.
23 of 32 steps (72%) done
[Thu Jun  6 00:43:42 2019]
Finished job 29.
24 of 32 steps (75%) done
Submitted job 27 with external jobid '66788'.
Waiting at most 300 seconds for missing files.
[Thu Jun  6 00:44:12 2019]
Finished job 27.
25 of 32 steps (78%) done

[Thu Jun  6 00:44:13 2019]
rule report_flagstat_all_data:
    input: Sambamba/CA1-1_FOXG1_mm_i69.dup.converted.tsv, Sambamba/CA1-2_FOXG1_mm_i70.dup.converted.tsv, Sambamba/DG_FOXG1_mm_i68.dup.converted.tsv, Sambamba/N1_FOXG1_mm_i92.dup.converted.tsv, Sambamba/N1_Input_mm_i94.dup.converted.tsv, Sambamba/N2_FOXG1_mm_i93.dup.converted.tsv, Sambamba/N2_Input_mm_i95.dup.converted.tsv, Sambamba/Pooled_Input_mm_i79.dup.converted.tsv
    output: Sambamba/flagstat_report_all.tsv
    jobid: 23

Submitted job 23 with external jobid '66789'.
Waiting at most 300 seconds for missing files.
Removing temporary output file Sambamba/CA1-1_FOXG1_mm_i69.dup.converted.tsv.
Removing temporary output file Sambamba/CA1-2_FOXG1_mm_i70.dup.converted.tsv.
Removing temporary output file Sambamba/DG_FOXG1_mm_i68.dup.converted.tsv.
Removing temporary output file Sambamba/N1_FOXG1_mm_i92.dup.converted.tsv.
Removing temporary output file Sambamba/N1_Input_mm_i94.dup.converted.tsv.
Removing temporary output file Sambamba/N2_FOXG1_mm_i93.dup.converted.tsv.
Removing temporary output file Sambamba/N2_Input_mm_i95.dup.converted.tsv.
Removing temporary output file Sambamba/Pooled_Input_mm_i79.dup.converted.tsv.
[Thu Jun  6 00:44:43 2019]
Finished job 23.
26 of 32 steps (81%) done

[Thu Jun  6 00:44:43 2019]
rule qc_report_all:
    input: Sambamba/flagstat_report_all.tsv, deepTools_ChIP/plotFingerprint/plotFingerprint.metrics.txt
    output: QC_report/QC_report_all.tsv
    jobid: 22

Submitted job 22 with external jobid '66790'.
Waiting at most 300 seconds for missing files.
[Thu Jun  6 00:45:44 2019]
Finished job 22.
27 of 32 steps (84%) done
[Thu Jun  6 00:46:54 2019]
Finished job 16.
28 of 32 steps (88%) done

[Thu Jun  6 00:46:54 2019]
rule MACS2_peak_qc:
    input: filtered_bam/N2_FOXG1_mm_i93.filtered.bam, MACS2/N2_FOXG1_mm_i93.filtered.BAM_peaks.xls
    output: MACS2/N2_FOXG1_mm_i93.filtered.BAM_peaks.qc.txt
    jobid: 21
    benchmark: MACS2/.benchmark/MACS2_peak_qc.N2_FOXG1_mm_i93.filtered.benchmark
    wildcards: sample=N2_FOXG1_mm_i93

Submitted job 21 with external jobid '66793'.
[Thu Jun  6 00:48:24 2019]
Finished job 13.
29 of 32 steps (91%) done

[Thu Jun  6 00:48:24 2019]
rule MACS2_peak_qc:
    input: filtered_bam/CA1-2_FOXG1_mm_i70.filtered.bam, MACS2/CA1-2_FOXG1_mm_i70.filtered.BAM_peaks.xls
    output: MACS2/CA1-2_FOXG1_mm_i70.filtered.BAM_peaks.qc.txt
    jobid: 18
    benchmark: MACS2/.benchmark/MACS2_peak_qc.CA1-2_FOXG1_mm_i70.filtered.benchmark
    wildcards: sample=CA1-2_FOXG1_mm_i70

[Thu Jun  6 00:48:24 2019]
Finished job 21.
30 of 32 steps (94%) done
Submitted job 18 with external jobid '66794'.
[Thu Jun  6 00:49:24 2019]
Finished job 18.
31 of 32 steps (97%) done

[Thu Jun  6 00:49:24 2019]
localrule all:
    input: deepTools_ChIP/plotFingerprint/plotFingerprint.metrics.txt, deepTools_ChIP/bamCompare/CA1-1_FOXG1_mm_i69.filtered.subtract.Pooled_Input_mm_i79.bw, deepTools_ChIP/bamCompare/CA1-1_FOXG1_mm_i69.filtered.log2ratio.over_Pooled_Input_mm_i79.bw, deepTools_ChIP/plotFingerprint/plotFingerprint.metrics.txt, deepTools_ChIP/bamCompare/CA1-2_FOXG1_mm_i70.filtered.subtract.Pooled_Input_mm_i79.bw, deepTools_ChIP/bamCompare/CA1-2_FOXG1_mm_i70.filtered.log2ratio.over_Pooled_Input_mm_i79.bw, deepTools_ChIP/plotFingerprint/plotFingerprint.metrics.txt, deepTools_ChIP/bamCompare/DG_FOXG1_mm_i68.filtered.subtract.Pooled_Input_mm_i79.bw, deepTools_ChIP/bamCompare/DG_FOXG1_mm_i68.filtered.log2ratio.over_Pooled_Input_mm_i79.bw, deepTools_ChIP/plotFingerprint/plotFingerprint.metrics.txt, deepTools_ChIP/bamCompare/N1_FOXG1_mm_i92.filtered.subtract.N1_Input_mm_i94.bw, deepTools_ChIP/bamCompare/N1_FOXG1_mm_i92.filtered.log2ratio.over_N1_Input_mm_i94.bw, deepTools_ChIP/plotFingerprint/plotFingerprint.metrics.txt, deepTools_ChIP/bamCompare/N2_FOXG1_mm_i93.filtered.subtract.N2_Input_mm_i95.bw, deepTools_ChIP/bamCompare/N2_FOXG1_mm_i93.filtered.log2ratio.over_N2_Input_mm_i95.bw, MACS2/CA1-1_FOXG1_mm_i69.filtered.BAM_peaks.xls, MACS2/CA1-2_FOXG1_mm_i70.filtered.BAM_peaks.xls, MACS2/DG_FOXG1_mm_i68.filtered.BAM_peaks.xls, MACS2/N1_FOXG1_mm_i92.filtered.BAM_peaks.xls, MACS2/N2_FOXG1_mm_i93.filtered.BAM_peaks.xls, MACS2/CA1-1_FOXG1_mm_i69.filtered.BAM_peaks.qc.txt, MACS2/CA1-2_FOXG1_mm_i70.filtered.BAM_peaks.qc.txt, MACS2/DG_FOXG1_mm_i68.filtered.BAM_peaks.qc.txt, MACS2/N1_FOXG1_mm_i92.filtered.BAM_peaks.qc.txt, MACS2/N2_FOXG1_mm_i93.filtered.BAM_peaks.qc.txt, QC_report/QC_report_all.tsv
    jobid: 0

[Thu Jun  6 00:49:24 2019]
Finished job 0.
32 of 32 steps (100%) done
Complete log: /data/manke/group/ferrari/PhD_project/reference_datasets/FOXG1_project/Foxg1_ChIP-Seq_AdultHippo_6w/output_snakepipes/.snakemake/log/2019-06-06T001934.500747.snakemake.log
